<?xml version="1.0" encoding="UTF-8"?>
<!-- Generated by org.testng.reporters.JUnitXMLReporter -->
<testsuite ignored="26" hostname="EQHP-R38G-02" failures="0" tests="1" name="Default test" time="68.161" errors="0" timestamp="2023-12-28T15:46:52 IST">
  <testcase classname="Tests.CMSTest" name="Verification_of_Reset_button_functionality_of_Page_Content_Accordion" time="58.45"/>
  <testcase classname="Tests.CMSTest" name="Verify_Edit_button_of_Page_Content_accordion_on_Content_Management_page" time="0.0">
    <ignored/>
  </testcase> <!-- Verify_Edit_button_of_Page_Content_accordion_on_Content_Management_page -->
  <testcase classname="Tests.CMSTest" name="Verify_That_WCI_Inc_Admin_can_Save_updated_values_in_the_column_by_Using_the_Search_by_Value_or_key_Tab" time="0.0">
    <ignored/>
  </testcase> <!-- Verify_That_WCI_Inc_Admin_can_Save_updated_values_in_the_column_by_Using_the_Search_by_Value_or_key_Tab -->
  <testcase classname="Tests.CMSTest" name="Verify_Cancel_changes_Functionality_Using_Search_by_key_or_Value" time="0.0">
    <ignored/>
  </testcase> <!-- Verify_Cancel_changes_Functionality_Using_Search_by_key_or_Value -->
  <testcase classname="Tests.CMSTest" name="Verify_that_Search_Button_Functionality_on_the_Page_Content_on_Content_Management_page" time="0.0">
    <ignored/>
  </testcase> <!-- Verify_that_Search_Button_Functionality_on_the_Page_Content_on_Content_Management_page -->
  <testcase classname="Tests.CMSTest" name="Verify_that_the_Jurisdiction_System_Admin_from_California_Jurisdiction_is_able_to_see_All_localization_for_another_Jurisdiction_for_Page_Content_Section_Keytype_i_icons" time="0.0">
    <ignored/>
  </testcase> <!-- Verify_that_the_Jurisdiction_System_Admin_from_California_Jurisdiction_is_able_to_see_All_localization_for_another_Jurisdiction_for_Page_Content_Section_Keytype_i_icons -->
  <testcase classname="Tests.CMSTest" name="Verify_That_JSA_Jurisdiction_System_Admin_can_Edit_One_or_More_Value_from_displayed_Column_Using_Search_by_key_or_value_Tab" time="0.0">
    <ignored/>
  </testcase> <!-- Verify_That_JSA_Jurisdiction_System_Admin_can_Edit_One_or_More_Value_from_displayed_Column_Using_Search_by_key_or_value_Tab -->
  <testcase classname="Tests.CMSTest" name="Verify_That_WCI_Inc_Admin_can_Edit_One_or_More_Values_from_the_Base_Language_as_selected_column_Using_Search_by_Displayed_Value_tab_Under_Value_Accordion" time="0.0">
    <ignored/>
  </testcase> <!-- Verify_That_WCI_Inc_Admin_can_Edit_One_or_More_Values_from_the_Base_Language_as_selected_column_Using_Search_by_Displayed_Value_tab_Under_Value_Accordion -->
  <testcase classname="Tests.CMSTest" name="Verify_that_the_Jurisdiction_System_Admin_from_California_Jurisdiction_is_able_to_see_the_localization_for_Nova_Scotia_Jurisdiction_for_Page_Content_Section_Keytype_i_icons" time="0.0">
    <ignored/>
  </testcase> <!-- Verify_that_the_Jurisdiction_System_Admin_from_California_Jurisdiction_is_able_to_see_the_localization_for_Nova_Scotia_Jurisdiction_for_Page_Content_Section_Keytype_i_icons -->
  <testcase classname="Tests.CMSTest" name="Verify_Cancel_changes_Functionality_Using_Search_by_Page" time="0.0">
    <ignored/>
  </testcase> <!-- Verify_Cancel_changes_Functionality_Using_Search_by_Page -->
  <testcase classname="Tests.CMSTest" name="contactUsPage" time="0.0">
    <ignored/>
  </testcase> <!-- contactUsPage -->
  <testcase classname="Tests.CMSTest" name="Verify_that_the_Jurisdiction_System_Admin_from_California_Jurisdiction_is_able_to_see_the_localization_for_Quebec_Jurisdiction_for_Page_Content_Section_Keytype_i_icons" time="0.0">
    <ignored/>
  </testcase> <!-- Verify_that_the_Jurisdiction_System_Admin_from_California_Jurisdiction_is_able_to_see_the_localization_for_Quebec_Jurisdiction_for_Page_Content_Section_Keytype_i_icons -->
  <testcase classname="Tests.CMSTest" name="Verify_that_the_Jurisdiction_System_Admin_from_California_Jurisdiction_is_able_to_see_the_localization_for_Washington_Jurisdiction_for_Page_Content_Section_Keytype_i_icons" time="0.0">
    <ignored/>
  </testcase> <!-- Verify_that_the_Jurisdiction_System_Admin_from_California_Jurisdiction_is_able_to_see_the_localization_for_Washington_Jurisdiction_for_Page_Content_Section_Keytype_i_icons -->
  <testcase classname="Tests.CMSTest" name="Verify_Edit_functionality_Using_Search_by_Displayed_Value_Tab_on_Value_Accordion" time="0.0">
    <ignored/>
  </testcase> <!-- Verify_Edit_functionality_Using_Search_by_Displayed_Value_Tab_on_Value_Accordion -->
  <testcase classname="Tests.CMSTest" name="Verify_Cancel_changes_Functionality_Using_Search_by_Displayed_Value_tab_Under_Value_Accordion_as_a_WCI_Inc_Admin_User" time="0.0">
    <ignored/>
  </testcase> <!-- Verify_Cancel_changes_Functionality_Using_Search_by_Displayed_Value_tab_Under_Value_Accordion_as_a_WCI_Inc_Admin_User -->
  <testcase classname="Tests.CMSTest" name="Verify_that_WCI_Inc_Admin_user_can_Save_updated_values_in_the_column_by_Using_Search_by_Displayed_Value_Tab" time="0.0">
    <ignored/>
  </testcase> <!-- Verify_that_WCI_Inc_Admin_user_can_Save_updated_values_in_the_column_by_Using_Search_by_Displayed_Value_Tab -->
  <testcase classname="Tests.CMSTest" name="Verify_That_WCI_Inc_Admin_can_Edit_One_or_More_Values_from_the_Base_Language_as_selected_Column_Using_Search_by_Page_Tab" time="0.0">
    <ignored/>
  </testcase> <!-- Verify_That_WCI_Inc_Admin_can_Edit_One_or_More_Values_from_the_Base_Language_as_selected_Column_Using_Search_by_Page_Tab -->
  <testcase classname="Tests.CMSTest" name="Verify_That_WCI_Inc_Admin_can_Edit_One_or_More_Values_from_the_Base_Language_as_selected_column_Using_Search_by_key_or_value_tab_Under_Value_Accordion" time="0.0">
    <ignored/>
  </testcase> <!-- Verify_That_WCI_Inc_Admin_can_Edit_One_or_More_Values_from_the_Base_Language_as_selected_column_Using_Search_by_key_or_value_tab_Under_Value_Accordion -->
  <testcase classname="Tests.CMSTest" name="Verify_Cancel_changes_Functionality_Using_Search_by_key_or_Value_tab_Under_Value_Accordion_as_a_WCI_Inc_Admin_User" time="0.0">
    <ignored/>
  </testcase> <!-- Verify_Cancel_changes_Functionality_Using_Search_by_key_or_Value_tab_Under_Value_Accordion_as_a_WCI_Inc_Admin_User -->
  <testcase classname="Tests.CMSTest" name="Verify_Cancel_changes_Functionality_Using_Search_by_Page_Under_Value_Accordion_as_a_WCI_Inc_Admin_User" time="0.0">
    <ignored/>
  </testcase> <!-- Verify_Cancel_changes_Functionality_Using_Search_by_Page_Under_Value_Accordion_as_a_WCI_Inc_Admin_User -->
  <testcase classname="Tests.CMSTest" name="Verification_of_Search_button_functionality_of_Page_Content_Accordion" time="0.0">
    <ignored/>
  </testcase> <!-- Verification_of_Search_button_functionality_of_Page_Content_Accordion -->
  <testcase classname="Tests.CMSTest" name="Verify_Edit_button_functionality_Using_Search_by_Value_or_key_Tab_Values_Accordion" time="0.0">
    <ignored/>
  </testcase> <!-- Verify_Edit_button_functionality_Using_Search_by_Value_or_key_Tab_Values_Accordion -->
  <testcase classname="Tests.CMSTest" name="Verify_That_JSA_Jurisdiction_System_Admin_can_Edit_One_or_More_Values_from_displayed_Column_Using_Search_by_Page_Tab" time="0.0">
    <ignored/>
  </testcase> <!-- Verify_That_JSA_Jurisdiction_System_Admin_can_Edit_One_or_More_Values_from_displayed_Column_Using_Search_by_Page_Tab -->
  <testcase classname="Tests.CMSTest" name="Verify_that_WCI_Inc_Admin_user_can_Save_updated_values_in_the_column_by_Using_Search_by_Page_Tab" time="0.0">
    <ignored/>
  </testcase> <!-- Verify_that_WCI_Inc_Admin_user_can_Save_updated_values_in_the_column_by_Using_Search_by_Page_Tab -->
  <testcase classname="Tests.CMSTest" name="Verify_Edit_button_functionality_Using_Search_by_Page_Tab_on_Value_Accordion" time="0.0">
    <ignored/>
  </testcase> <!-- Verify_Edit_button_functionality_Using_Search_by_Page_Tab_on_Value_Accordion -->
  <testcase classname="Tests.CMSTest" name="Verify_Cancel_changes_Functionality_Using_Search_by_Displayed_Value" time="0.0">
    <ignored/>
  </testcase> <!-- Verify_Cancel_changes_Functionality_Using_Search_by_Displayed_Value -->
  <testcase classname="Tests.CMSTest" name="Verify_That_JSA_Jurisdiction_System_Admin_can_Edit_One_or_More_Values_from_displayed_Column_Using_Search_by_Displayed_Value_Tab" time="0.0">
    <ignored/>
  </testcase> <!-- Verify_That_JSA_Jurisdiction_System_Admin_can_Edit_One_or_More_Values_from_displayed_Column_Using_Search_by_Displayed_Value_Tab -->
</testsuite> <!-- Default test -->
