<?xml version="1.0" encoding="UTF-8"?>
<!-- Generated by org.testng.reporters.JUnitXMLReporter -->
<testsuite ignored="5" hostname="Eqanims-MacBook-Air.local" failures="104" tests="212" name="Test" time="97121.952" errors="0" timestamp="2023-11-23T15:34:01 IST">
  <testcase classname="com.RegistryModule2.Test.LoginTest" name="SelectJurisdictionandLangaugeForCalifornia" time="14.109"/>
  <testcase classname="com.RegistryModule2.Test.EAA_Page_Tests" name="T50020_Verification_of_accessibility_of_Entity_Account_Application_IndividualUser" time="40.716"/>
  <testcase classname="com.RegistryModule2.Test.EAA_Page_Tests" name="Verification_of_Change_Jurisdiction_when_EntityID_NotAssigned" time="75.409">
    <failure type="org.openqa.selenium.WebDriverException" message="
Build info: version: &amp;apos;3.141.59&amp;apos;, revision: &amp;apos;e82be7d358&amp;apos;, time: &amp;apos;2018-11-14T08:17:03&amp;apos;
System info: host: &amp;apos;Eqanims-MacBook-Air.local&amp;apos;, ip: &amp;apos;fe80:0:0:0:a1:81ea:4d84:7df4%en0&amp;apos;, os.name: &amp;apos;Mac OS X&amp;apos;, os.arch: &amp;apos;x86_64&amp;apos;, os.version: &amp;apos;14.1.1&amp;apos;, java.version: &amp;apos;17.0.7&amp;apos;
Driver info: org.openqa.selenium.safari.SafariDriver
Capabilities {acceptInsecureCerts: false, browserName: Safari, browserVersion: 17.1, javascriptEnabled: true, platform: MAC, platformName: MAC, safari:automaticInspection: false, safari:automaticProfiling: false, safari:diagnose: false, safari:platformBuildVersion: 23B81, safari:platformVersion: 14.1.1, safari:useSimulator: false, setWindowRect: true, strictFileInteractability: false, webkit:WebRTC: {DisableICECandidateFiltering: false, DisableInsecureMediaCapture: false}}
Session ID: 90681DC3-85FE-4B0A-88B7-225B8D4EBF58">
      <![CDATA[org.openqa.selenium.WebDriverException: 
Build info: version: '3.141.59', revision: 'e82be7d358', time: '2018-11-14T08:17:03'
System info: host: 'Eqanims-MacBook-Air.local', ip: 'fe80:0:0:0:a1:81ea:4d84:7df4%en0', os.name: 'Mac OS X', os.arch: 'x86_64', os.version: '14.1.1', java.version: '17.0.7'
Driver info: org.openqa.selenium.safari.SafariDriver
Capabilities {acceptInsecureCerts: false, browserName: Safari, browserVersion: 17.1, javascriptEnabled: true, platform: MAC, platformName: MAC, safari:automaticInspection: false, safari:automaticProfiling: false, safari:diagnose: false, safari:platformBuildVersion: 23B81, safari:platformVersion: 14.1.1, safari:useSimulator: false, setWindowRect: true, strictFileInteractability: false, webkit:WebRTC: {DisableICECandidateFiltering: false, DisableInsecureMediaCapture: false}}
Session ID: 90681DC3-85FE-4B0A-88B7-225B8D4EBF58
at org.openqa.selenium.remote.http.W3CHttpResponseCodec.createException(W3CHttpResponseCodec.java:187)
at org.openqa.selenium.remote.http.W3CHttpResponseCodec.decode(W3CHttpResponseCodec.java:122)
at org.openqa.selenium.remote.http.W3CHttpResponseCodec.decode(W3CHttpResponseCodec.java:49)
at org.openqa.selenium.remote.HttpCommandExecutor.execute(HttpCommandExecutor.java:158)
at org.openqa.selenium.remote.service.DriverCommandExecutor.execute(DriverCommandExecutor.java:83)
at org.openqa.selenium.remote.RemoteWebDriver.execute(RemoteWebDriver.java:552)
at org.openqa.selenium.remote.RemoteWebElement.execute(RemoteWebElement.java:285)
at org.openqa.selenium.remote.RemoteWebElement.click(RemoteWebElement.java:84)
at org.openqa.selenium.support.pagefactory.internal.LocatingElementHandler.invoke(LocatingElementHandler.java:51)
at jdk.proxy2/jdk.proxy2.$Proxy15.click(Unknown Source)
at com.RegistryModule2.pom.EAA_Page_POM.ChangeJurisdictionWhenEntityNotAssined(EAA_Page_POM.java:2301)
at com.RegistryModule2.Test.EAA_Page_Tests.Verification_of_Change_Jurisdiction_when_EntityID_NotAssigned(EAA_Page_Tests.java:819)
at java.base/java.util.ArrayList.forEach(ArrayList.java:1511)
... Removed 35 stack frames]]>
    </failure>
  </testcase> <!-- Verification_of_Change_Jurisdiction_when_EntityID_NotAssigned -->
  <testcase classname="com.RegistryModule2.Test.EAA_Page_Tests" name="createEAA" time="58.253">
    <failure type="org.openqa.selenium.WebDriverException" message="
Build info: version: &amp;apos;3.141.59&amp;apos;, revision: &amp;apos;e82be7d358&amp;apos;, time: &amp;apos;2018-11-14T08:17:03&amp;apos;
System info: host: &amp;apos;Eqanims-MacBook-Air.local&amp;apos;, ip: &amp;apos;fe80:0:0:0:a1:81ea:4d84:7df4%en0&amp;apos;, os.name: &amp;apos;Mac OS X&amp;apos;, os.arch: &amp;apos;x86_64&amp;apos;, os.version: &amp;apos;14.1.1&amp;apos;, java.version: &amp;apos;17.0.7&amp;apos;
Driver info: org.openqa.selenium.safari.SafariDriver
Capabilities {acceptInsecureCerts: false, browserName: Safari, browserVersion: 17.1, javascriptEnabled: true, platform: MAC, platformName: MAC, safari:automaticInspection: false, safari:automaticProfiling: false, safari:diagnose: false, safari:platformBuildVersion: 23B81, safari:platformVersion: 14.1.1, safari:useSimulator: false, setWindowRect: true, strictFileInteractability: false, webkit:WebRTC: {DisableICECandidateFiltering: false, DisableInsecureMediaCapture: false}}
Session ID: 0D410AF3-0E21-43A6-960A-014276672628">
      <![CDATA[org.openqa.selenium.WebDriverException: 
Build info: version: '3.141.59', revision: 'e82be7d358', time: '2018-11-14T08:17:03'
System info: host: 'Eqanims-MacBook-Air.local', ip: 'fe80:0:0:0:a1:81ea:4d84:7df4%en0', os.name: 'Mac OS X', os.arch: 'x86_64', os.version: '14.1.1', java.version: '17.0.7'
Driver info: org.openqa.selenium.safari.SafariDriver
Capabilities {acceptInsecureCerts: false, browserName: Safari, browserVersion: 17.1, javascriptEnabled: true, platform: MAC, platformName: MAC, safari:automaticInspection: false, safari:automaticProfiling: false, safari:diagnose: false, safari:platformBuildVersion: 23B81, safari:platformVersion: 14.1.1, safari:useSimulator: false, setWindowRect: true, strictFileInteractability: false, webkit:WebRTC: {DisableICECandidateFiltering: false, DisableInsecureMediaCapture: false}}
Session ID: 0D410AF3-0E21-43A6-960A-014276672628
at org.openqa.selenium.remote.http.W3CHttpResponseCodec.createException(W3CHttpResponseCodec.java:187)
at org.openqa.selenium.remote.http.W3CHttpResponseCodec.decode(W3CHttpResponseCodec.java:122)
at org.openqa.selenium.remote.http.W3CHttpResponseCodec.decode(W3CHttpResponseCodec.java:49)
at org.openqa.selenium.remote.HttpCommandExecutor.execute(HttpCommandExecutor.java:158)
at org.openqa.selenium.remote.service.DriverCommandExecutor.execute(DriverCommandExecutor.java:83)
at org.openqa.selenium.remote.RemoteWebDriver.execute(RemoteWebDriver.java:552)
at org.openqa.selenium.remote.RemoteWebElement.execute(RemoteWebElement.java:285)
at org.openqa.selenium.remote.RemoteWebElement.click(RemoteWebElement.java:84)
at org.openqa.selenium.support.pagefactory.internal.LocatingElementHandler.invoke(LocatingElementHandler.java:51)
at jdk.proxy2/jdk.proxy2.$Proxy15.click(Unknown Source)
at com.RegistryModule2.pom.EAA_Page_POM.addEntityInformation(EAA_Page_POM.java:1282)
at com.RegistryModule2.pom.EAA_Page_POM.EntityCreation(EAA_Page_POM.java:2292)
at com.RegistryModule2.Test.EAA_Page_Tests.createEAA(EAA_Page_Tests.java:672)
at java.base/java.util.ArrayList.forEach(ArrayList.java:1511)
... Removed 35 stack frames]]>
    </failure>
  </testcase> <!-- createEAA -->
  <testcase classname="com.RegistryModule2.Test.EAA_Page_Tests" name="approve_Entity_By_Registrar_and_Assigning_LUHA_Account" time="0.0">
    <skipped/>
  </testcase> <!-- approve_Entity_By_Registrar_and_Assigning_LUHA_Account -->
  <testcase classname="com.RegistryModule2.Test.EAA_Page_Tests" name="T50022_Verification_of_accessibility_of_Register_an_Entity_button_of_Entity_Account_Application_Page" time="46.85"/>
  <testcase classname="com.RegistryModule2.Test.EAA_Page_Tests" name="C39324_Verification_of_accessibility_EAA_Option_for_Denied_IndividualUser" time="64.984">
    <skipped/>
  </testcase> <!-- C39324_Verification_of_accessibility_EAA_Option_for_Denied_IndividualUser -->
  <testcase classname="com.RegistryModule2.Test.EAA_Page_Tests" name="C39324_Verification_of_accessibility_EAA_Option_for_Denied_IndividualUser" time="34.092">
    <failure type="org.openqa.selenium.TimeoutException" message="Expected condition failed: waiting for visibility of all elements located by By.xpath: //*[@class=&amp;apos;MuiTypography-root MuiTypography-h6 css-1etlmxt&amp;apos;] (tried for 30 second(s) with 500 milliseconds interval)
Build info: version: &amp;apos;3.141.59&amp;apos;, revision: &amp;apos;e82be7d358&amp;apos;, time: &amp;apos;2018-11-14T08:17:03&amp;apos;
System info: host: &amp;apos;Eqanims-MacBook-Air.local&amp;apos;, ip: &amp;apos;fe80:0:0:0:a1:81ea:4d84:7df4%en0&amp;apos;, os.name: &amp;apos;Mac OS X&amp;apos;, os.arch: &amp;apos;x86_64&amp;apos;, os.version: &amp;apos;14.1.1&amp;apos;, java.version: &amp;apos;17.0.7&amp;apos;
Driver info: org.openqa.selenium.safari.SafariDriver
Capabilities {acceptInsecureCerts: false, browserName: Safari, browserVersion: 17.1, javascriptEnabled: true, platform: MAC, platformName: MAC, safari:automaticInspection: false, safari:automaticProfiling: false, safari:diagnose: false, safari:platformBuildVersion: 23B81, safari:platformVersion: 14.1.1, safari:useSimulator: false, setWindowRect: true, strictFileInteractability: false, webkit:WebRTC: {DisableICECandidateFiltering: false, DisableInsecureMediaCapture: false}}
Session ID: E33044C2-535D-4EE1-9DC0-85ED65661179">
      <![CDATA[org.openqa.selenium.TimeoutException: Expected condition failed: waiting for visibility of all elements located by By.xpath: //*[@class='MuiTypography-root MuiTypography-h6 css-1etlmxt'] (tried for 30 second(s) with 500 milliseconds interval)
Build info: version: '3.141.59', revision: 'e82be7d358', time: '2018-11-14T08:17:03'
System info: host: 'Eqanims-MacBook-Air.local', ip: 'fe80:0:0:0:a1:81ea:4d84:7df4%en0', os.name: 'Mac OS X', os.arch: 'x86_64', os.version: '14.1.1', java.version: '17.0.7'
Driver info: org.openqa.selenium.safari.SafariDriver
Capabilities {acceptInsecureCerts: false, browserName: Safari, browserVersion: 17.1, javascriptEnabled: true, platform: MAC, platformName: MAC, safari:automaticInspection: false, safari:automaticProfiling: false, safari:diagnose: false, safari:platformBuildVersion: 23B81, safari:platformVersion: 14.1.1, safari:useSimulator: false, setWindowRect: true, strictFileInteractability: false, webkit:WebRTC: {DisableICECandidateFiltering: false, DisableInsecureMediaCapture: false}}
Session ID: E33044C2-535D-4EE1-9DC0-85ED65661179
at org.openqa.selenium.support.ui.WebDriverWait.timeoutException(WebDriverWait.java:95)
at org.openqa.selenium.support.ui.FluentWait.until(FluentWait.java:272)
at com.RegistryModule2.Utility.CommonMethods.handlesecurityQuestion(CommonMethods.java:24)
at com.RegistryModule2.Test.EAA_Page_Tests.C39324_Verification_of_accessibility_EAA_Option_for_Denied_IndividualUser(EAA_Page_Tests.java:56)
at java.base/java.util.ArrayList.forEach(ArrayList.java:1511)
... Removed 27 stack frames]]>
    </failure>
  </testcase> <!-- C39324_Verification_of_accessibility_EAA_Option_for_Denied_IndividualUser -->
  <testcase classname="com.RegistryModule2.Test.EAA_Page_Tests" name="T50024_Verification_of_Select_Jurisdiction_functionality" time="52.804"/>
  <testcase classname="com.RegistryModule2.Test.EAA_Page_Tests" name="Verification_of_Exit_Application_button_of_Select_Juridisction_page" time="48.514"/>
  <testcase classname="com.RegistryModule2.Test.EAA_Page_Tests" name="C36133_UI_Verification_of_Select_Entity_Type_section" time="59.688"/>
  <testcase classname="com.RegistryModule2.Test.EAA_Page_Tests" name="C36135_Verification_of_Cancel_button_of_Select_Entity_Type_section" time="53.286"/>
  <testcase classname="com.RegistryModule2.Test.EAA_Page_Tests" name="C36136_UI_Verification_of_Entity_Information_and_Identifiers_page_for_California_Jurisdiction_and_Covered_Entity" time="202.272">
    <skipped/>
  </testcase> <!-- C36136_UI_Verification_of_Entity_Information_and_Identifiers_page_for_California_Jurisdiction_and_Covered_Entity -->
  <testcase classname="com.RegistryModule2.Test.EAA_Page_Tests" name="C36136_UI_Verification_of_Entity_Information_and_Identifiers_page_for_California_Jurisdiction_and_Covered_Entity" time="55.558"/>
  <testcase classname="com.RegistryModule2.Test.EAA_Page_Tests" name="Entity_account_application_select_entitytype" time="52.689"/>
  <testcase classname="com.RegistryModule2.Test.EAA_Page_Tests" name="Verification_of_region_feild" time="54.942">
    <skipped/>
  </testcase> <!-- Verification_of_region_feild -->
  <testcase classname="com.RegistryModule2.Test.EAA_Page_Tests" name="Verification_of_region_feild" time="53.098">
    <failure type="org.openqa.selenium.WebDriverException" message="
Build info: version: &amp;apos;3.141.59&amp;apos;, revision: &amp;apos;e82be7d358&amp;apos;, time: &amp;apos;2018-11-14T08:17:03&amp;apos;
System info: host: &amp;apos;Eqanims-MacBook-Air.local&amp;apos;, ip: &amp;apos;fe80:0:0:0:a1:81ea:4d84:7df4%en0&amp;apos;, os.name: &amp;apos;Mac OS X&amp;apos;, os.arch: &amp;apos;x86_64&amp;apos;, os.version: &amp;apos;14.1.1&amp;apos;, java.version: &amp;apos;17.0.7&amp;apos;
Driver info: org.openqa.selenium.safari.SafariDriver
Capabilities {acceptInsecureCerts: false, browserName: Safari, browserVersion: 17.1, javascriptEnabled: true, platform: MAC, platformName: MAC, safari:automaticInspection: false, safari:automaticProfiling: false, safari:diagnose: false, safari:platformBuildVersion: 23B81, safari:platformVersion: 14.1.1, safari:useSimulator: false, setWindowRect: true, strictFileInteractability: false, webkit:WebRTC: {DisableICECandidateFiltering: false, DisableInsecureMediaCapture: false}}
Session ID: 21FEA236-A45D-4F6B-AEF3-6764C31A3CB5">
      <![CDATA[org.openqa.selenium.WebDriverException: 
Build info: version: '3.141.59', revision: 'e82be7d358', time: '2018-11-14T08:17:03'
System info: host: 'Eqanims-MacBook-Air.local', ip: 'fe80:0:0:0:a1:81ea:4d84:7df4%en0', os.name: 'Mac OS X', os.arch: 'x86_64', os.version: '14.1.1', java.version: '17.0.7'
Driver info: org.openqa.selenium.safari.SafariDriver
Capabilities {acceptInsecureCerts: false, browserName: Safari, browserVersion: 17.1, javascriptEnabled: true, platform: MAC, platformName: MAC, safari:automaticInspection: false, safari:automaticProfiling: false, safari:diagnose: false, safari:platformBuildVersion: 23B81, safari:platformVersion: 14.1.1, safari:useSimulator: false, setWindowRect: true, strictFileInteractability: false, webkit:WebRTC: {DisableICECandidateFiltering: false, DisableInsecureMediaCapture: false}}
Session ID: 21FEA236-A45D-4F6B-AEF3-6764C31A3CB5
at org.openqa.selenium.remote.http.W3CHttpResponseCodec.createException(W3CHttpResponseCodec.java:187)
at org.openqa.selenium.remote.http.W3CHttpResponseCodec.decode(W3CHttpResponseCodec.java:122)
at org.openqa.selenium.remote.http.W3CHttpResponseCodec.decode(W3CHttpResponseCodec.java:49)
at org.openqa.selenium.remote.HttpCommandExecutor.execute(HttpCommandExecutor.java:158)
at org.openqa.selenium.remote.service.DriverCommandExecutor.execute(DriverCommandExecutor.java:83)
at org.openqa.selenium.remote.RemoteWebDriver.execute(RemoteWebDriver.java:552)
at org.openqa.selenium.remote.RemoteWebElement.execute(RemoteWebElement.java:285)
at org.openqa.selenium.remote.RemoteWebElement.click(RemoteWebElement.java:84)
at org.openqa.selenium.support.pagefactory.internal.LocatingElementHandler.invoke(LocatingElementHandler.java:51)
at jdk.proxy2/jdk.proxy2.$Proxy15.click(Unknown Source)
at com.RegistryModule2.pom.EAA_Page_POM.verification_of_Region_field(EAA_Page_POM.java:1202)
at com.RegistryModule2.Test.EAA_Page_Tests.Verification_of_region_feild(EAA_Page_Tests.java:151)
at java.base/java.util.ArrayList.forEach(ArrayList.java:1511)
... Removed 35 stack frames]]>
    </failure>
  </testcase> <!-- Verification_of_region_feild -->
  <testcase classname="com.RegistryModule2.Test.EAA_Page_Tests" name="C36138_Verification_of_incorporation_State_Or_Province_feild" time="52.913">
    <skipped/>
  </testcase> <!-- C36138_Verification_of_incorporation_State_Or_Province_feild -->
  <testcase classname="com.RegistryModule2.Test.EAA_Page_Tests" name="C36138_Verification_of_incorporation_State_Or_Province_feild" time="54.493">
    <failure type="org.openqa.selenium.WebDriverException" message="
Build info: version: &amp;apos;3.141.59&amp;apos;, revision: &amp;apos;e82be7d358&amp;apos;, time: &amp;apos;2018-11-14T08:17:03&amp;apos;
System info: host: &amp;apos;Eqanims-MacBook-Air.local&amp;apos;, ip: &amp;apos;fe80:0:0:0:a1:81ea:4d84:7df4%en0&amp;apos;, os.name: &amp;apos;Mac OS X&amp;apos;, os.arch: &amp;apos;x86_64&amp;apos;, os.version: &amp;apos;14.1.1&amp;apos;, java.version: &amp;apos;17.0.7&amp;apos;
Driver info: org.openqa.selenium.safari.SafariDriver
Capabilities {acceptInsecureCerts: false, browserName: Safari, browserVersion: 17.1, javascriptEnabled: true, platform: MAC, platformName: MAC, safari:automaticInspection: false, safari:automaticProfiling: false, safari:diagnose: false, safari:platformBuildVersion: 23B81, safari:platformVersion: 14.1.1, safari:useSimulator: false, setWindowRect: true, strictFileInteractability: false, webkit:WebRTC: {DisableICECandidateFiltering: false, DisableInsecureMediaCapture: false}}
Session ID: 48E7D5AE-BB28-4F1D-A5AA-F3BD257D0884">
      <![CDATA[org.openqa.selenium.WebDriverException: 
Build info: version: '3.141.59', revision: 'e82be7d358', time: '2018-11-14T08:17:03'
System info: host: 'Eqanims-MacBook-Air.local', ip: 'fe80:0:0:0:a1:81ea:4d84:7df4%en0', os.name: 'Mac OS X', os.arch: 'x86_64', os.version: '14.1.1', java.version: '17.0.7'
Driver info: org.openqa.selenium.safari.SafariDriver
Capabilities {acceptInsecureCerts: false, browserName: Safari, browserVersion: 17.1, javascriptEnabled: true, platform: MAC, platformName: MAC, safari:automaticInspection: false, safari:automaticProfiling: false, safari:diagnose: false, safari:platformBuildVersion: 23B81, safari:platformVersion: 14.1.1, safari:useSimulator: false, setWindowRect: true, strictFileInteractability: false, webkit:WebRTC: {DisableICECandidateFiltering: false, DisableInsecureMediaCapture: false}}
Session ID: 48E7D5AE-BB28-4F1D-A5AA-F3BD257D0884
at org.openqa.selenium.remote.http.W3CHttpResponseCodec.createException(W3CHttpResponseCodec.java:187)
at org.openqa.selenium.remote.http.W3CHttpResponseCodec.decode(W3CHttpResponseCodec.java:122)
at org.openqa.selenium.remote.http.W3CHttpResponseCodec.decode(W3CHttpResponseCodec.java:49)
at org.openqa.selenium.remote.HttpCommandExecutor.execute(HttpCommandExecutor.java:158)
at org.openqa.selenium.remote.service.DriverCommandExecutor.execute(DriverCommandExecutor.java:83)
at org.openqa.selenium.remote.RemoteWebDriver.execute(RemoteWebDriver.java:552)
at org.openqa.selenium.remote.RemoteWebElement.execute(RemoteWebElement.java:285)
at org.openqa.selenium.remote.RemoteWebElement.click(RemoteWebElement.java:84)
at org.openqa.selenium.support.pagefactory.internal.LocatingElementHandler.invoke(LocatingElementHandler.java:51)
at jdk.proxy2/jdk.proxy2.$Proxy15.click(Unknown Source)
at com.RegistryModule2.pom.EAA_Page_POM.Verification_of_incorporation_State_Or_Province_feild(EAA_Page_POM.java:1220)
at com.RegistryModule2.Test.EAA_Page_Tests.C36138_Verification_of_incorporation_State_Or_Province_feild(EAA_Page_Tests.java:159)
at java.base/java.util.ArrayList.forEach(ArrayList.java:1511)
... Removed 35 stack frames]]>
    </failure>
  </testcase> <!-- C36138_Verification_of_incorporation_State_Or_Province_feild -->
  <testcase classname="com.RegistryModule2.Test.EAA_Page_Tests" name="C36139_Verification_of_continue_button" time="54.614">
    <skipped/>
  </testcase> <!-- C36139_Verification_of_continue_button -->
  <testcase classname="com.RegistryModule2.Test.EAA_Page_Tests" name="C36139_Verification_of_continue_button" time="53.489">
    <failure type="org.openqa.selenium.WebDriverException" message="
Build info: version: &amp;apos;3.141.59&amp;apos;, revision: &amp;apos;e82be7d358&amp;apos;, time: &amp;apos;2018-11-14T08:17:03&amp;apos;
System info: host: &amp;apos;Eqanims-MacBook-Air.local&amp;apos;, ip: &amp;apos;fe80:0:0:0:a1:81ea:4d84:7df4%en0&amp;apos;, os.name: &amp;apos;Mac OS X&amp;apos;, os.arch: &amp;apos;x86_64&amp;apos;, os.version: &amp;apos;14.1.1&amp;apos;, java.version: &amp;apos;17.0.7&amp;apos;
Driver info: org.openqa.selenium.safari.SafariDriver
Capabilities {acceptInsecureCerts: false, browserName: Safari, browserVersion: 17.1, javascriptEnabled: true, platform: MAC, platformName: MAC, safari:automaticInspection: false, safari:automaticProfiling: false, safari:diagnose: false, safari:platformBuildVersion: 23B81, safari:platformVersion: 14.1.1, safari:useSimulator: false, setWindowRect: true, strictFileInteractability: false, webkit:WebRTC: {DisableICECandidateFiltering: false, DisableInsecureMediaCapture: false}}
Session ID: FF1DE1D4-5754-4D6D-A7DA-3657E0E3F184">
      <![CDATA[org.openqa.selenium.WebDriverException: 
Build info: version: '3.141.59', revision: 'e82be7d358', time: '2018-11-14T08:17:03'
System info: host: 'Eqanims-MacBook-Air.local', ip: 'fe80:0:0:0:a1:81ea:4d84:7df4%en0', os.name: 'Mac OS X', os.arch: 'x86_64', os.version: '14.1.1', java.version: '17.0.7'
Driver info: org.openqa.selenium.safari.SafariDriver
Capabilities {acceptInsecureCerts: false, browserName: Safari, browserVersion: 17.1, javascriptEnabled: true, platform: MAC, platformName: MAC, safari:automaticInspection: false, safari:automaticProfiling: false, safari:diagnose: false, safari:platformBuildVersion: 23B81, safari:platformVersion: 14.1.1, safari:useSimulator: false, setWindowRect: true, strictFileInteractability: false, webkit:WebRTC: {DisableICECandidateFiltering: false, DisableInsecureMediaCapture: false}}
Session ID: FF1DE1D4-5754-4D6D-A7DA-3657E0E3F184
at org.openqa.selenium.remote.http.W3CHttpResponseCodec.createException(W3CHttpResponseCodec.java:187)
at org.openqa.selenium.remote.http.W3CHttpResponseCodec.decode(W3CHttpResponseCodec.java:122)
at org.openqa.selenium.remote.http.W3CHttpResponseCodec.decode(W3CHttpResponseCodec.java:49)
at org.openqa.selenium.remote.HttpCommandExecutor.execute(HttpCommandExecutor.java:158)
at org.openqa.selenium.remote.service.DriverCommandExecutor.execute(DriverCommandExecutor.java:83)
at org.openqa.selenium.remote.RemoteWebDriver.execute(RemoteWebDriver.java:552)
at org.openqa.selenium.remote.RemoteWebElement.execute(RemoteWebElement.java:285)
at org.openqa.selenium.remote.RemoteWebElement.click(RemoteWebElement.java:84)
at org.openqa.selenium.support.pagefactory.internal.LocatingElementHandler.invoke(LocatingElementHandler.java:51)
at jdk.proxy2/jdk.proxy2.$Proxy15.click(Unknown Source)
at com.RegistryModule2.pom.EAA_Page_POM.addEntityInformation(EAA_Page_POM.java:1282)
at com.RegistryModule2.Test.EAA_Page_Tests.C36139_Verification_of_continue_button(EAA_Page_Tests.java:167)
at java.base/java.util.ArrayList.forEach(ArrayList.java:1511)
... Removed 35 stack frames]]>
    </failure>
  </testcase> <!-- C36139_Verification_of_continue_button -->
  <testcase classname="com.RegistryModule2.Test.EAA_Page_Tests" name="C36141_Verification_Of_Cancel_Button_On_Entity_Identifier_Feild" time="56.153">
    <skipped/>
  </testcase> <!-- C36141_Verification_Of_Cancel_Button_On_Entity_Identifier_Feild -->
  <testcase classname="com.RegistryModule2.Test.EAA_Page_Tests" name="C36141_Verification_Of_Cancel_Button_On_Entity_Identifier_Feild" time="136.012">
    <failure type="java.lang.AssertionError" message="null">
      <![CDATA[java.lang.AssertionError: null
at com.RegistryModule2.Utility.commonLib.click(commonLib.java:41)
at com.RegistryModule2.pom.EAA_Page_POM.selectJurisdictionFunctionalityForCal(EAA_Page_POM.java:420)
at com.RegistryModule2.pom.EAA_Page_POM.UI_Verification_of_Entity_Information_and_Identifiers_page_for_California_Jurisdiction_and_Covered_Entity(EAA_Page_POM.java:683)
at com.RegistryModule2.Test.EAA_Page_Tests.C36141_Verification_Of_Cancel_Button_On_Entity_Identifier_Feild(EAA_Page_Tests.java:174)
at java.base/java.util.ArrayList.forEach(ArrayList.java:1511)
... Removed 29 stack frames]]>
    </failure>
  </testcase> <!-- C36141_Verification_Of_Cancel_Button_On_Entity_Identifier_Feild -->
  <testcase classname="com.RegistryModule2.Test.EAA_Page_Tests" name="C36142_verification_of_Entity_Information_Page_for_California_Jurisdiction_GMPO_EntityType" time="56.07"/>
  <testcase classname="com.RegistryModule2.Test.EAA_Page_Tests" name="C37495_verification_of_Entity_Information_Page_for_Quebec_Jurisdiction_GMPO_EntityType" time="30.046"/>
  <testcase classname="com.RegistryModule2.Test.EAA_Page_Tests" name="C37498_verification_of_Entity_Information_Page_for_Washington_Jurisdiction_GMPO_EntityType" time="2.17">
    <skipped/>
  </testcase> <!-- C37498_verification_of_Entity_Information_Page_for_Washington_Jurisdiction_GMPO_EntityType -->
  <testcase classname="com.RegistryModule2.Test.EAA_Page_Tests" name="C37498_verification_of_Entity_Information_Page_for_Washington_Jurisdiction_GMPO_EntityType" time="2.021">
    <failure type="java.lang.AssertionError" message="null">
      <![CDATA[java.lang.AssertionError: null
at com.RegistryModule2.Utility.commonLib.click(commonLib.java:41)
at com.RegistryModule2.pom.LoginPom.selectJurisdictionandLangaugeForWashington(LoginPom.java:114)
at com.RegistryModule2.pom.EAA_Page_POM.UI_Verification_of_Entity_Information_and_Identifiers_page_for_Washington_Jurisdiction_and_GMPO_Entity(EAA_Page_POM.java:926)
at com.RegistryModule2.Test.EAA_Page_Tests.C37498_verification_of_Entity_Information_Page_for_Washington_Jurisdiction_GMPO_EntityType(EAA_Page_Tests.java:200)
at java.base/java.util.ArrayList.forEach(ArrayList.java:1511)
... Removed 29 stack frames]]>
    </failure>
  </testcase> <!-- C37498_verification_of_Entity_Information_Page_for_Washington_Jurisdiction_GMPO_EntityType -->
  <testcase classname="com.RegistryModule2.Test.EAA_Page_Tests" name="C37497_verification_of_Entity_Information_Page_for_NovaScotia_Jurisdiction_GMPO_EntityType" time="2.187">
    <skipped/>
  </testcase> <!-- C37497_verification_of_Entity_Information_Page_for_NovaScotia_Jurisdiction_GMPO_EntityType -->
  <testcase classname="com.RegistryModule2.Test.EAA_Page_Tests" name="C37497_verification_of_Entity_Information_Page_for_NovaScotia_Jurisdiction_GMPO_EntityType" time="2.019">
    <failure type="java.lang.AssertionError" message="null">
      <![CDATA[java.lang.AssertionError: null
at com.RegistryModule2.Utility.commonLib.click(commonLib.java:41)
at com.RegistryModule2.pom.LoginPom.selectJurisdictionandLangaugeForNovaScotia(LoginPom.java:124)
at com.RegistryModule2.pom.EAA_Page_POM.UI_Verification_of_Entity_Information_and_Identifiers_page_for_NovaScotia_Jurisdiction_and_GMPO_Entity(EAA_Page_POM.java:1173)
at com.RegistryModule2.Test.EAA_Page_Tests.C37497_verification_of_Entity_Information_Page_for_NovaScotia_Jurisdiction_GMPO_EntityType(EAA_Page_Tests.java:208)
at java.base/java.util.ArrayList.forEach(ArrayList.java:1511)
... Removed 29 stack frames]]>
    </failure>
  </testcase> <!-- C37497_verification_of_Entity_Information_Page_for_NovaScotia_Jurisdiction_GMPO_EntityType -->
  <testcase classname="com.RegistryModule2.Test.EAA_Page_Tests" name="C36150_Verification_of_User_Classification_for_All_Jurisdiction_And_EntityType_GMPI" time="2.113">
    <skipped/>
  </testcase> <!-- C36150_Verification_of_User_Classification_for_All_Jurisdiction_And_EntityType_GMPI -->
  <testcase classname="com.RegistryModule2.Test.EAA_Page_Tests" name="C36150_Verification_of_User_Classification_for_All_Jurisdiction_And_EntityType_GMPI" time="2.013">
    <failure type="java.lang.AssertionError" message="null">
      <![CDATA[java.lang.AssertionError: null
at com.RegistryModule2.Utility.commonLib.click(commonLib.java:41)
at com.RegistryModule2.pom.LoginPom.selectJurisdictionandLangaugeForWashington(LoginPom.java:114)
at com.RegistryModule2.pom.EAA_Page_POM.verification_of_User_Classification_for_All_Jurisdiction_selected(EAA_Page_POM.java:955)
at com.RegistryModule2.Test.EAA_Page_Tests.C36150_Verification_of_User_Classification_for_All_Jurisdiction_And_EntityType_GMPI(EAA_Page_Tests.java:219)
at java.base/java.util.ArrayList.forEach(ArrayList.java:1511)
... Removed 29 stack frames]]>
    </failure>
  </testcase> <!-- C36150_Verification_of_User_Classification_for_All_Jurisdiction_And_EntityType_GMPI -->
  <testcase classname="com.RegistryModule2.Test.EAA_Page_Tests" name="Verification_of_Purpose_of_Account_for_All_Jurisdiction" time="2.022">
    <skipped/>
  </testcase> <!-- Verification_of_Purpose_of_Account_for_All_Jurisdiction -->
  <testcase classname="com.RegistryModule2.Test.EAA_Page_Tests" name="Verification_of_Purpose_of_Account_for_All_Jurisdiction" time="2.044">
    <failure type="java.lang.AssertionError" message="null">
      <![CDATA[java.lang.AssertionError: null
at com.RegistryModule2.Utility.commonLib.click(commonLib.java:41)
at com.RegistryModule2.pom.LoginPom.selectJurisdictionandLangaugeForWashington(LoginPom.java:114)
at com.RegistryModule2.pom.EAA_Page_POM.verification_of_Purpose_of_Accounts_for_All_Jurisdiction_selected(EAA_Page_POM.java:1046)
at com.RegistryModule2.Test.EAA_Page_Tests.Verification_of_Purpose_of_Account_for_All_Jurisdiction(EAA_Page_Tests.java:226)
at java.base/java.util.ArrayList.forEach(ArrayList.java:1511)
... Removed 29 stack frames]]>
    </failure>
  </testcase> <!-- Verification_of_Purpose_of_Account_for_All_Jurisdiction -->
  <testcase classname="com.RegistryModule2.Test.EAA_Page_Tests" name="Verification_of_Purpose_of_account_and_User_Classification_dropdown_on_Entity_Information_page" time="2.017">
    <skipped/>
  </testcase> <!-- Verification_of_Purpose_of_account_and_User_Classification_dropdown_on_Entity_Information_page -->
  <testcase classname="com.RegistryModule2.Test.EAA_Page_Tests" name="Verification_of_Purpose_of_account_and_User_Classification_dropdown_on_Entity_Information_page" time="2.422">
    <failure type="java.lang.AssertionError" message="null">
      <![CDATA[java.lang.AssertionError: null
at com.RegistryModule2.Utility.commonLib.click(commonLib.java:41)
at com.RegistryModule2.pom.LoginPom.selectJurisdictionandLangaugeForWashington(LoginPom.java:114)
at com.RegistryModule2.pom.EAA_Page_POM.verification_of_Purpose_of_Accounts_for_All_Jurisdiction_selected(EAA_Page_POM.java:1046)
at com.RegistryModule2.Test.EAA_Page_Tests.Verification_of_Purpose_of_account_and_User_Classification_dropdown_on_Entity_Information_page(EAA_Page_Tests.java:234)
at java.base/java.util.ArrayList.forEach(ArrayList.java:1511)
... Removed 29 stack frames]]>
    </failure>
  </testcase> <!-- Verification_of_Purpose_of_account_and_User_Classification_dropdown_on_Entity_Information_page -->
  <testcase classname="com.RegistryModule2.Test.EAA_Page_Tests" name="Verification_of_Textbox_when_user_selects_OtherOptionInThe_User_Classification_dropdown" time="2.053">
    <skipped/>
  </testcase> <!-- Verification_of_Textbox_when_user_selects_OtherOptionInThe_User_Classification_dropdown -->
  <testcase classname="com.RegistryModule2.Test.EAA_Page_Tests" name="Verification_of_Textbox_when_user_selects_OtherOptionInThe_User_Classification_dropdown" time="2.256">
    <failure type="java.lang.AssertionError" message="null">
      <![CDATA[java.lang.AssertionError: null
at com.RegistryModule2.Utility.commonLib.click(commonLib.java:41)
at com.RegistryModule2.pom.LoginPom.selectJurisdictionandLangaugeForWashington(LoginPom.java:114)
at com.RegistryModule2.pom.EAA_Page_POM.verification_of_Purpose_of_Accounts_for_All_Jurisdiction_selected(EAA_Page_POM.java:1046)
at com.RegistryModule2.Test.EAA_Page_Tests.Verification_of_Textbox_when_user_selects_OtherOptionInThe_User_Classification_dropdown(EAA_Page_Tests.java:243)
at java.base/java.util.ArrayList.forEach(ArrayList.java:1511)
... Removed 29 stack frames]]>
    </failure>
  </testcase> <!-- Verification_of_Textbox_when_user_selects_OtherOptionInThe_User_Classification_dropdown -->
  <testcase classname="com.RegistryModule2.Test.EAA_Page_Tests" name="verification_Cancel_Button_Functionality_of_Entity_Information_Page_GMPI_EntityType" time="84.488">
    <skipped/>
  </testcase> <!-- verification_Cancel_Button_Functionality_of_Entity_Information_Page_GMPI_EntityType -->
  <testcase classname="com.RegistryModule2.Test.EAA_Page_Tests" name="verification_Cancel_Button_Functionality_of_Entity_Information_Page_GMPI_EntityType" time="83.497">
    <failure type="org.openqa.selenium.NoSuchElementException" message="
For documentation on this error, please visit: https://www.seleniumhq.org/exceptions/no_such_element.html
Build info: version: &amp;apos;3.141.59&amp;apos;, revision: &amp;apos;e82be7d358&amp;apos;, time: &amp;apos;2018-11-14T08:17:03&amp;apos;
System info: host: &amp;apos;Eqanims-MacBook-Air.local&amp;apos;, ip: &amp;apos;fe80:0:0:0:a1:81ea:4d84:7df4%en0&amp;apos;, os.name: &amp;apos;Mac OS X&amp;apos;, os.arch: &amp;apos;x86_64&amp;apos;, os.version: &amp;apos;14.1.1&amp;apos;, java.version: &amp;apos;17.0.7&amp;apos;
Driver info: org.openqa.selenium.safari.SafariDriver
Capabilities {acceptInsecureCerts: false, browserName: Safari, browserVersion: 17.1, javascriptEnabled: true, platform: MAC, platformName: MAC, safari:automaticInspection: false, safari:automaticProfiling: false, safari:diagnose: false, safari:platformBuildVersion: 23B81, safari:platformVersion: 14.1.1, safari:useSimulator: false, setWindowRect: true, strictFileInteractability: false, webkit:WebRTC: {DisableICECandidateFiltering: false, DisableInsecureMediaCapture: false}}
Session ID: EC753B48-5BD8-4B09-AA0B-FCD66BDCFBBC
*** Element info: {Using=id, value=purposeOfAccount}">
      <![CDATA[org.openqa.selenium.NoSuchElementException: 
For documentation on this error, please visit: https://www.seleniumhq.org/exceptions/no_such_element.html
Build info: version: '3.141.59', revision: 'e82be7d358', time: '2018-11-14T08:17:03'
System info: host: 'Eqanims-MacBook-Air.local', ip: 'fe80:0:0:0:a1:81ea:4d84:7df4%en0', os.name: 'Mac OS X', os.arch: 'x86_64', os.version: '14.1.1', java.version: '17.0.7'
Driver info: org.openqa.selenium.safari.SafariDriver
Capabilities {acceptInsecureCerts: false, browserName: Safari, browserVersion: 17.1, javascriptEnabled: true, platform: MAC, platformName: MAC, safari:automaticInspection: false, safari:automaticProfiling: false, safari:diagnose: false, safari:platformBuildVersion: 23B81, safari:platformVersion: 14.1.1, safari:useSimulator: false, setWindowRect: true, strictFileInteractability: false, webkit:WebRTC: {DisableICECandidateFiltering: false, DisableInsecureMediaCapture: false}}
Session ID: EC753B48-5BD8-4B09-AA0B-FCD66BDCFBBC
*** Element info: {Using=id, value=purposeOfAccount}
at org.openqa.selenium.remote.http.W3CHttpResponseCodec.createException(W3CHttpResponseCodec.java:187)
at org.openqa.selenium.remote.http.W3CHttpResponseCodec.decode(W3CHttpResponseCodec.java:122)
at org.openqa.selenium.remote.http.W3CHttpResponseCodec.decode(W3CHttpResponseCodec.java:49)
at org.openqa.selenium.remote.HttpCommandExecutor.execute(HttpCommandExecutor.java:158)
at org.openqa.selenium.remote.service.DriverCommandExecutor.execute(DriverCommandExecutor.java:83)
at org.openqa.selenium.remote.RemoteWebDriver.execute(RemoteWebDriver.java:552)
at org.openqa.selenium.remote.RemoteWebDriver.findElement(RemoteWebDriver.java:323)
at org.openqa.selenium.remote.RemoteWebDriver.findElementById(RemoteWebDriver.java:372)
at org.openqa.selenium.By$ById.findElement(By.java:188)
at org.openqa.selenium.remote.RemoteWebDriver.findElement(RemoteWebDriver.java:315)
at com.RegistryModule2.pom.EAA_Page_POM.purposeOfUseAndUserClassification(EAA_Page_POM.java:1142)
at com.RegistryModule2.Test.EAA_Page_Tests.verification_Cancel_Button_Functionality_of_Entity_Information_Page_GMPI_EntityType(EAA_Page_Tests.java:253)
at java.base/java.util.ArrayList.forEach(ArrayList.java:1511)
... Removed 31 stack frames]]>
    </failure>
  </testcase> <!-- verification_Cancel_Button_Functionality_of_Entity_Information_Page_GMPI_EntityType -->
  <testcase classname="com.RegistryModule2.Test.EAA_Page_Tests" name="Verification_of_Continue_button_of_Entity_Information_section" time="84.099">
    <skipped/>
  </testcase> <!-- Verification_of_Continue_button_of_Entity_Information_section -->
  <testcase classname="com.RegistryModule2.Test.EAA_Page_Tests" name="Verification_of_Continue_button_of_Entity_Information_section" time="83.489">
    <failure type="org.openqa.selenium.NoSuchElementException" message="
For documentation on this error, please visit: https://www.seleniumhq.org/exceptions/no_such_element.html
Build info: version: &amp;apos;3.141.59&amp;apos;, revision: &amp;apos;e82be7d358&amp;apos;, time: &amp;apos;2018-11-14T08:17:03&amp;apos;
System info: host: &amp;apos;Eqanims-MacBook-Air.local&amp;apos;, ip: &amp;apos;fe80:0:0:0:a1:81ea:4d84:7df4%en0&amp;apos;, os.name: &amp;apos;Mac OS X&amp;apos;, os.arch: &amp;apos;x86_64&amp;apos;, os.version: &amp;apos;14.1.1&amp;apos;, java.version: &amp;apos;17.0.7&amp;apos;
Driver info: org.openqa.selenium.safari.SafariDriver
Capabilities {acceptInsecureCerts: false, browserName: Safari, browserVersion: 17.1, javascriptEnabled: true, platform: MAC, platformName: MAC, safari:automaticInspection: false, safari:automaticProfiling: false, safari:diagnose: false, safari:platformBuildVersion: 23B81, safari:platformVersion: 14.1.1, safari:useSimulator: false, setWindowRect: true, strictFileInteractability: false, webkit:WebRTC: {DisableICECandidateFiltering: false, DisableInsecureMediaCapture: false}}
Session ID: A48B86B2-5396-4432-9B07-7522AD296C47
*** Element info: {Using=id, value=purposeOfAccount}">
      <![CDATA[org.openqa.selenium.NoSuchElementException: 
For documentation on this error, please visit: https://www.seleniumhq.org/exceptions/no_such_element.html
Build info: version: '3.141.59', revision: 'e82be7d358', time: '2018-11-14T08:17:03'
System info: host: 'Eqanims-MacBook-Air.local', ip: 'fe80:0:0:0:a1:81ea:4d84:7df4%en0', os.name: 'Mac OS X', os.arch: 'x86_64', os.version: '14.1.1', java.version: '17.0.7'
Driver info: org.openqa.selenium.safari.SafariDriver
Capabilities {acceptInsecureCerts: false, browserName: Safari, browserVersion: 17.1, javascriptEnabled: true, platform: MAC, platformName: MAC, safari:automaticInspection: false, safari:automaticProfiling: false, safari:diagnose: false, safari:platformBuildVersion: 23B81, safari:platformVersion: 14.1.1, safari:useSimulator: false, setWindowRect: true, strictFileInteractability: false, webkit:WebRTC: {DisableICECandidateFiltering: false, DisableInsecureMediaCapture: false}}
Session ID: A48B86B2-5396-4432-9B07-7522AD296C47
*** Element info: {Using=id, value=purposeOfAccount}
at org.openqa.selenium.remote.http.W3CHttpResponseCodec.createException(W3CHttpResponseCodec.java:187)
at org.openqa.selenium.remote.http.W3CHttpResponseCodec.decode(W3CHttpResponseCodec.java:122)
at org.openqa.selenium.remote.http.W3CHttpResponseCodec.decode(W3CHttpResponseCodec.java:49)
at org.openqa.selenium.remote.HttpCommandExecutor.execute(HttpCommandExecutor.java:158)
at org.openqa.selenium.remote.service.DriverCommandExecutor.execute(DriverCommandExecutor.java:83)
at org.openqa.selenium.remote.RemoteWebDriver.execute(RemoteWebDriver.java:552)
at org.openqa.selenium.remote.RemoteWebDriver.findElement(RemoteWebDriver.java:323)
at org.openqa.selenium.remote.RemoteWebDriver.findElementById(RemoteWebDriver.java:372)
at org.openqa.selenium.By$ById.findElement(By.java:188)
at org.openqa.selenium.remote.RemoteWebDriver.findElement(RemoteWebDriver.java:315)
at com.RegistryModule2.pom.EAA_Page_POM.purposeOfUseAndUserClassification(EAA_Page_POM.java:1142)
at com.RegistryModule2.pom.EAA_Page_POM.Verification_of_Continue_button_of_Entity_Information_section(EAA_Page_POM.java:2032)
at com.RegistryModule2.Test.EAA_Page_Tests.Verification_of_Continue_button_of_Entity_Information_section(EAA_Page_Tests.java:262)
at java.base/java.util.ArrayList.forEach(ArrayList.java:1511)
... Removed 31 stack frames]]>
    </failure>
  </testcase> <!-- Verification_of_Continue_button_of_Entity_Information_section -->
  <testcase classname="com.RegistryModule2.Test.EAA_Page_Tests" name="Verification_of_EAA_initiation_by_individul_User_PAR_AAR_AVA" time="48.211"/>
  <testcase classname="com.RegistryModule2.Test.EAA_Page_Tests" name="Verification_of_multiple_EAA_initiation_by_individul_User_PAR_AAR_AVA" time="265.829">
    <skipped/>
  </testcase> <!-- Verification_of_multiple_EAA_initiation_by_individul_User_PAR_AAR_AVA -->
  <testcase classname="com.RegistryModule2.Test.EAA_Page_Tests" name="Verification_of_multiple_EAA_initiation_by_individul_User_PAR_AAR_AVA" time="1075.073">
    <failure type="org.openqa.selenium.TimeoutException" message="
Build info: version: &amp;apos;3.141.59&amp;apos;, revision: &amp;apos;e82be7d358&amp;apos;, time: &amp;apos;2018-11-14T08:17:03&amp;apos;
System info: host: &amp;apos;Eqanims-MacBook-Air.local&amp;apos;, ip: &amp;apos;fe80:0:0:0:a1:81ea:4d84:7df4%en0&amp;apos;, os.name: &amp;apos;Mac OS X&amp;apos;, os.arch: &amp;apos;x86_64&amp;apos;, os.version: &amp;apos;14.1.1&amp;apos;, java.version: &amp;apos;17.0.7&amp;apos;
Driver info: org.openqa.selenium.safari.SafariDriver
Capabilities {acceptInsecureCerts: false, browserName: Safari, browserVersion: 17.1, javascriptEnabled: true, platform: MAC, platformName: MAC, safari:automaticInspection: false, safari:automaticProfiling: false, safari:diagnose: false, safari:platformBuildVersion: 23B81, safari:platformVersion: 14.1.1, safari:useSimulator: false, setWindowRect: true, strictFileInteractability: false, webkit:WebRTC: {DisableICECandidateFiltering: false, DisableInsecureMediaCapture: false}}
Session ID: 5DEE09DA-1447-41F2-95F6-5001C2F11D30
*** Element info: {Using=xpath, value=//span[text()=&amp;apos;California&amp;apos;]}">
      <![CDATA[org.openqa.selenium.TimeoutException: 
Build info: version: '3.141.59', revision: 'e82be7d358', time: '2018-11-14T08:17:03'
System info: host: 'Eqanims-MacBook-Air.local', ip: 'fe80:0:0:0:a1:81ea:4d84:7df4%en0', os.name: 'Mac OS X', os.arch: 'x86_64', os.version: '14.1.1', java.version: '17.0.7'
Driver info: org.openqa.selenium.safari.SafariDriver
Capabilities {acceptInsecureCerts: false, browserName: Safari, browserVersion: 17.1, javascriptEnabled: true, platform: MAC, platformName: MAC, safari:automaticInspection: false, safari:automaticProfiling: false, safari:diagnose: false, safari:platformBuildVersion: 23B81, safari:platformVersion: 14.1.1, safari:useSimulator: false, setWindowRect: true, strictFileInteractability: false, webkit:WebRTC: {DisableICECandidateFiltering: false, DisableInsecureMediaCapture: false}}
Session ID: 5DEE09DA-1447-41F2-95F6-5001C2F11D30
*** Element info: {Using=xpath, value=//span[text()='California']}
at org.openqa.selenium.remote.http.W3CHttpResponseCodec.createException(W3CHttpResponseCodec.java:187)
at org.openqa.selenium.remote.http.W3CHttpResponseCodec.decode(W3CHttpResponseCodec.java:122)
at org.openqa.selenium.remote.http.W3CHttpResponseCodec.decode(W3CHttpResponseCodec.java:49)
at org.openqa.selenium.remote.HttpCommandExecutor.execute(HttpCommandExecutor.java:158)
at org.openqa.selenium.remote.service.DriverCommandExecutor.execute(DriverCommandExecutor.java:83)
at org.openqa.selenium.remote.RemoteWebDriver.execute(RemoteWebDriver.java:552)
at org.openqa.selenium.remote.RemoteWebDriver.findElement(RemoteWebDriver.java:323)
at org.openqa.selenium.remote.RemoteWebDriver.findElementByXPath(RemoteWebDriver.java:428)
at org.openqa.selenium.By$ByXPath.findElement(By.java:353)
at org.openqa.selenium.remote.RemoteWebDriver.findElement(RemoteWebDriver.java:315)
at org.openqa.selenium.support.pagefactory.DefaultElementLocator.findElement(DefaultElementLocator.java:69)
at org.openqa.selenium.support.pagefactory.internal.LocatingElementHandler.invoke(LocatingElementHandler.java:38)
at jdk.proxy2/jdk.proxy2.$Proxy15.isDisplayed(Unknown Source)
at org.openqa.selenium.support.ui.ExpectedConditions.elementIfVisible(ExpectedConditions.java:314)
at org.openqa.selenium.support.ui.ExpectedConditions.access$000(ExpectedConditions.java:43)
at org.openqa.selenium.support.ui.ExpectedConditions$10.apply(ExpectedConditions.java:300)
at org.openqa.selenium.support.ui.ExpectedConditions$10.apply(ExpectedConditions.java:297)
at org.openqa.selenium.support.ui.ExpectedConditions$23.apply(ExpectedConditions.java:670)
at org.openqa.selenium.support.ui.ExpectedConditions$23.apply(ExpectedConditions.java:666)
at org.openqa.selenium.support.ui.FluentWait.until(FluentWait.java:249)
at com.RegistryModule2.pom.LoginPom.selectJurisdictionandLangaugeForCalifornia(LoginPom.java:69)
at com.RegistryModule2.pom.EAA_Page_POM.UI_Verification_of_Entity_Information_and_Identifiers_page_for_California_Jurisdiction_and_Covered_Entity(EAA_Page_POM.java:668)
at com.RegistryModule2.Test.EAA_Page_Tests.Verification_of_multiple_EAA_initiation_by_individul_User_PAR_AAR_AVA(EAA_Page_Tests.java:290)
at java.base/java.util.ArrayList.forEach(ArrayList.java:1511)
... Removed 32 stack frames]]>
    </failure>
  </testcase> <!-- Verification_of_multiple_EAA_initiation_by_individul_User_PAR_AAR_AVA -->
  <testcase classname="com.RegistryModule2.Test.EAA_Page_Tests" name="Verification_of_Select_Jurisdiction_Functionality" time="50.639">
    <skipped/>
  </testcase> <!-- Verification_of_Select_Jurisdiction_Functionality -->
  <testcase classname="com.RegistryModule2.Test.EAA_Page_Tests" name="Verification_of_Select_Jurisdiction_Functionality" time="1824.205">
    <failure type="org.openqa.selenium.TimeoutException" message="
Build info: version: &amp;apos;3.141.59&amp;apos;, revision: &amp;apos;e82be7d358&amp;apos;, time: &amp;apos;2018-11-14T08:17:03&amp;apos;
System info: host: &amp;apos;Eqanims-MacBook-Air.local&amp;apos;, ip: &amp;apos;fe80:0:0:0:a1:81ea:4d84:7df4%en0&amp;apos;, os.name: &amp;apos;Mac OS X&amp;apos;, os.arch: &amp;apos;x86_64&amp;apos;, os.version: &amp;apos;14.1.1&amp;apos;, java.version: &amp;apos;17.0.7&amp;apos;
Driver info: org.openqa.selenium.safari.SafariDriver
Capabilities {acceptInsecureCerts: false, browserName: Safari, browserVersion: 17.1, javascriptEnabled: true, platform: MAC, platformName: MAC, safari:automaticInspection: false, safari:automaticProfiling: false, safari:diagnose: false, safari:platformBuildVersion: 23B81, safari:platformVersion: 14.1.1, safari:useSimulator: false, setWindowRect: true, strictFileInteractability: false, webkit:WebRTC: {DisableICECandidateFiltering: false, DisableInsecureMediaCapture: false}}
Session ID: 061A8F65-929E-4B04-8014-FEDBDB87BA37
*** Element info: {Using=xpath, value=//*[@class=&amp;apos;MuiTypography-root MuiTypography-h6 css-1etlmxt&amp;apos;]}">
      <![CDATA[org.openqa.selenium.TimeoutException: 
Build info: version: '3.141.59', revision: 'e82be7d358', time: '2018-11-14T08:17:03'
System info: host: 'Eqanims-MacBook-Air.local', ip: 'fe80:0:0:0:a1:81ea:4d84:7df4%en0', os.name: 'Mac OS X', os.arch: 'x86_64', os.version: '14.1.1', java.version: '17.0.7'
Driver info: org.openqa.selenium.safari.SafariDriver
Capabilities {acceptInsecureCerts: false, browserName: Safari, browserVersion: 17.1, javascriptEnabled: true, platform: MAC, platformName: MAC, safari:automaticInspection: false, safari:automaticProfiling: false, safari:diagnose: false, safari:platformBuildVersion: 23B81, safari:platformVersion: 14.1.1, safari:useSimulator: false, setWindowRect: true, strictFileInteractability: false, webkit:WebRTC: {DisableICECandidateFiltering: false, DisableInsecureMediaCapture: false}}
Session ID: 061A8F65-929E-4B04-8014-FEDBDB87BA37
*** Element info: {Using=xpath, value=//*[@class='MuiTypography-root MuiTypography-h6 css-1etlmxt']}
at org.openqa.selenium.remote.http.W3CHttpResponseCodec.createException(W3CHttpResponseCodec.java:187)
at org.openqa.selenium.remote.http.W3CHttpResponseCodec.decode(W3CHttpResponseCodec.java:122)
at org.openqa.selenium.remote.http.W3CHttpResponseCodec.decode(W3CHttpResponseCodec.java:49)
at org.openqa.selenium.remote.HttpCommandExecutor.execute(HttpCommandExecutor.java:158)
at org.openqa.selenium.remote.service.DriverCommandExecutor.execute(DriverCommandExecutor.java:83)
at org.openqa.selenium.remote.RemoteWebDriver.execute(RemoteWebDriver.java:552)
at org.openqa.selenium.remote.RemoteWebDriver.findElements(RemoteWebDriver.java:353)
at org.openqa.selenium.remote.RemoteWebDriver.findElementsByXPath(RemoteWebDriver.java:432)
at org.openqa.selenium.By$ByXPath.findElements(By.java:348)
at org.openqa.selenium.remote.RemoteWebDriver.findElements(RemoteWebDriver.java:311)
at org.openqa.selenium.support.ui.ExpectedConditions$8.apply(ExpectedConditions.java:231)
at org.openqa.selenium.support.ui.ExpectedConditions$8.apply(ExpectedConditions.java:228)
at org.openqa.selenium.support.ui.FluentWait.until(FluentWait.java:249)
at com.RegistryModule2.Utility.CommonMethods.handlesecurityQuestion(CommonMethods.java:24)
at com.RegistryModule2.pom.EAA_Page_POM.select_Jurisdiction_Functionality(EAA_Page_POM.java:652)
at com.RegistryModule2.Test.EAA_Page_Tests.Verification_of_Select_Jurisdiction_Functionality(EAA_Page_Tests.java:300)
at java.base/java.util.ArrayList.forEach(ArrayList.java:1511)
... Removed 32 stack frames]]>
    </failure>
  </testcase> <!-- Verification_of_Select_Jurisdiction_Functionality -->
  <testcase classname="com.RegistryModule2.Test.EAA_Page_Tests" name="Verification_of_Select_Jurisdiction_Functionality_Continue_button_with_emptyData" time="33.474">
    <skipped/>
  </testcase> <!-- Verification_of_Select_Jurisdiction_Functionality_Continue_button_with_emptyData -->
  <testcase classname="com.RegistryModule2.Test.EAA_Page_Tests" name="Verification_of_Select_Jurisdiction_Functionality_Continue_button_with_emptyData" time="40.586"/>
  <testcase classname="com.RegistryModule2.Test.EAA_Page_Tests" name="Verification_of_change_in_jurisdiction_when_Entity_ID_is_assigned_OR_Entity_created_is_in_Saved_status" time="68.868">
    <skipped/>
  </testcase> <!-- Verification_of_change_in_jurisdiction_when_Entity_ID_is_assigned_OR_Entity_created_is_in_Saved_status -->
  <testcase classname="com.RegistryModule2.Test.EAA_Page_Tests" name="Verification_of_change_in_jurisdiction_when_Entity_ID_is_assigned_OR_Entity_created_is_in_Saved_status" time="75.561">
    <failure type="org.openqa.selenium.TimeoutException" message="
Build info: version: &amp;apos;3.141.59&amp;apos;, revision: &amp;apos;e82be7d358&amp;apos;, time: &amp;apos;2018-11-14T08:17:03&amp;apos;
System info: host: &amp;apos;Eqanims-MacBook-Air.local&amp;apos;, ip: &amp;apos;fe80:0:0:0:a1:81ea:4d84:7df4%en0&amp;apos;, os.name: &amp;apos;Mac OS X&amp;apos;, os.arch: &amp;apos;x86_64&amp;apos;, os.version: &amp;apos;14.1.1&amp;apos;, java.version: &amp;apos;17.0.7&amp;apos;
Driver info: org.openqa.selenium.safari.SafariDriver
Capabilities {acceptInsecureCerts: false, browserName: Safari, browserVersion: 17.1, javascriptEnabled: true, platform: MAC, platformName: MAC, safari:automaticInspection: false, safari:automaticProfiling: false, safari:diagnose: false, safari:platformBuildVersion: 23B81, safari:platformVersion: 14.1.1, safari:useSimulator: false, setWindowRect: true, strictFileInteractability: false, webkit:WebRTC: {DisableICECandidateFiltering: false, DisableInsecureMediaCapture: false}}
Session ID: 75C2D493-0B5A-4227-8EF9-9D86EB0AC578
*** Element info: {Using=xpath, value=//button[text()=&amp;apos;Register An Entity&amp;apos;]}">
      <![CDATA[org.openqa.selenium.TimeoutException: 
Build info: version: '3.141.59', revision: 'e82be7d358', time: '2018-11-14T08:17:03'
System info: host: 'Eqanims-MacBook-Air.local', ip: 'fe80:0:0:0:a1:81ea:4d84:7df4%en0', os.name: 'Mac OS X', os.arch: 'x86_64', os.version: '14.1.1', java.version: '17.0.7'
Driver info: org.openqa.selenium.safari.SafariDriver
Capabilities {acceptInsecureCerts: false, browserName: Safari, browserVersion: 17.1, javascriptEnabled: true, platform: MAC, platformName: MAC, safari:automaticInspection: false, safari:automaticProfiling: false, safari:diagnose: false, safari:platformBuildVersion: 23B81, safari:platformVersion: 14.1.1, safari:useSimulator: false, setWindowRect: true, strictFileInteractability: false, webkit:WebRTC: {DisableICECandidateFiltering: false, DisableInsecureMediaCapture: false}}
Session ID: 75C2D493-0B5A-4227-8EF9-9D86EB0AC578
*** Element info: {Using=xpath, value=//button[text()='Register An Entity']}
at org.openqa.selenium.remote.http.W3CHttpResponseCodec.createException(W3CHttpResponseCodec.java:187)
at org.openqa.selenium.remote.http.W3CHttpResponseCodec.decode(W3CHttpResponseCodec.java:122)
at org.openqa.selenium.remote.http.W3CHttpResponseCodec.decode(W3CHttpResponseCodec.java:49)
at org.openqa.selenium.remote.HttpCommandExecutor.execute(HttpCommandExecutor.java:158)
at org.openqa.selenium.remote.service.DriverCommandExecutor.execute(DriverCommandExecutor.java:83)
at org.openqa.selenium.remote.RemoteWebDriver.execute(RemoteWebDriver.java:552)
at org.openqa.selenium.remote.RemoteWebDriver.findElement(RemoteWebDriver.java:323)
at org.openqa.selenium.remote.RemoteWebDriver.findElementByXPath(RemoteWebDriver.java:428)
at org.openqa.selenium.By$ByXPath.findElement(By.java:353)
at org.openqa.selenium.remote.RemoteWebDriver.findElement(RemoteWebDriver.java:315)
at org.openqa.selenium.support.pagefactory.DefaultElementLocator.findElement(DefaultElementLocator.java:69)
at org.openqa.selenium.support.pagefactory.internal.LocatingElementHandler.invoke(LocatingElementHandler.java:38)
at jdk.proxy2/jdk.proxy2.$Proxy15.isDisplayed(Unknown Source)
at com.RegistryModule2.Utility.commonLib.isDisplayed(commonLib.java:124)
at com.RegistryModule2.pom.EAA_Page_POM.Verification_of_accessibility_of_Register_an_Entity_button_of_Entity_Account_Application_Page(EAA_Page_POM.java:403)
at com.RegistryModule2.pom.EAA_Page_POM.UI_Verification_of_Entity_Information_and_Identifiers_page_for_California_Jurisdiction_and_Covered_Entity(EAA_Page_POM.java:678)
at com.RegistryModule2.Test.EAA_Page_Tests.Verification_of_change_in_jurisdiction_when_Entity_ID_is_assigned_OR_Entity_created_is_in_Saved_status(EAA_Page_Tests.java:316)
at java.base/java.util.ArrayList.forEach(ArrayList.java:1511)
... Removed 32 stack frames]]>
    </failure>
  </testcase> <!-- Verification_of_change_in_jurisdiction_when_Entity_ID_is_assigned_OR_Entity_created_is_in_Saved_status -->
  <testcase classname="com.RegistryModule2.Test.EAA_Page_Tests" name="Verification_of_Change_entity_type_when_Individual_user_goes_back" time="54.309">
    <skipped/>
  </testcase> <!-- Verification_of_Change_entity_type_when_Individual_user_goes_back -->
  <testcase classname="com.RegistryModule2.Test.EAA_Page_Tests" name="Verification_of_Change_entity_type_when_Individual_user_goes_back" time="71.452">
    <failure type="org.openqa.selenium.TimeoutException" message="
Build info: version: &amp;apos;3.141.59&amp;apos;, revision: &amp;apos;e82be7d358&amp;apos;, time: &amp;apos;2018-11-14T08:17:03&amp;apos;
System info: host: &amp;apos;Eqanims-MacBook-Air.local&amp;apos;, ip: &amp;apos;fe80:0:0:0:a1:81ea:4d84:7df4%en0&amp;apos;, os.name: &amp;apos;Mac OS X&amp;apos;, os.arch: &amp;apos;x86_64&amp;apos;, os.version: &amp;apos;14.1.1&amp;apos;, java.version: &amp;apos;17.0.7&amp;apos;
Driver info: org.openqa.selenium.safari.SafariDriver
Capabilities {acceptInsecureCerts: false, browserName: Safari, browserVersion: 17.1, javascriptEnabled: true, platform: MAC, platformName: MAC, safari:automaticInspection: false, safari:automaticProfiling: false, safari:diagnose: false, safari:platformBuildVersion: 23B81, safari:platformVersion: 14.1.1, safari:useSimulator: false, setWindowRect: true, strictFileInteractability: false, webkit:WebRTC: {DisableICECandidateFiltering: false, DisableInsecureMediaCapture: false}}
Session ID: 29363AA1-D7ED-462C-9A2F-1BBC8FC090E5
*** Element info: {Using=xpath, value=//*[text()=&amp;apos;ENTITY ACCOUNT APPLICATION&amp;apos;]}">
      <![CDATA[org.openqa.selenium.TimeoutException: 
Build info: version: '3.141.59', revision: 'e82be7d358', time: '2018-11-14T08:17:03'
System info: host: 'Eqanims-MacBook-Air.local', ip: 'fe80:0:0:0:a1:81ea:4d84:7df4%en0', os.name: 'Mac OS X', os.arch: 'x86_64', os.version: '14.1.1', java.version: '17.0.7'
Driver info: org.openqa.selenium.safari.SafariDriver
Capabilities {acceptInsecureCerts: false, browserName: Safari, browserVersion: 17.1, javascriptEnabled: true, platform: MAC, platformName: MAC, safari:automaticInspection: false, safari:automaticProfiling: false, safari:diagnose: false, safari:platformBuildVersion: 23B81, safari:platformVersion: 14.1.1, safari:useSimulator: false, setWindowRect: true, strictFileInteractability: false, webkit:WebRTC: {DisableICECandidateFiltering: false, DisableInsecureMediaCapture: false}}
Session ID: 29363AA1-D7ED-462C-9A2F-1BBC8FC090E5
*** Element info: {Using=xpath, value=//*[text()='ENTITY ACCOUNT APPLICATION']}
at org.openqa.selenium.remote.http.W3CHttpResponseCodec.createException(W3CHttpResponseCodec.java:187)
at org.openqa.selenium.remote.http.W3CHttpResponseCodec.decode(W3CHttpResponseCodec.java:122)
at org.openqa.selenium.remote.http.W3CHttpResponseCodec.decode(W3CHttpResponseCodec.java:49)
at org.openqa.selenium.remote.HttpCommandExecutor.execute(HttpCommandExecutor.java:158)
at org.openqa.selenium.remote.service.DriverCommandExecutor.execute(DriverCommandExecutor.java:83)
at org.openqa.selenium.remote.RemoteWebDriver.execute(RemoteWebDriver.java:552)
at org.openqa.selenium.remote.RemoteWebDriver.findElement(RemoteWebDriver.java:323)
at org.openqa.selenium.remote.RemoteWebDriver.findElementByXPath(RemoteWebDriver.java:428)
at org.openqa.selenium.By$ByXPath.findElement(By.java:353)
at org.openqa.selenium.remote.RemoteWebDriver.findElement(RemoteWebDriver.java:315)
at org.openqa.selenium.support.pagefactory.DefaultElementLocator.findElement(DefaultElementLocator.java:69)
at org.openqa.selenium.support.pagefactory.internal.LocatingElementHandler.invoke(LocatingElementHandler.java:38)
at jdk.proxy2/jdk.proxy2.$Proxy15.isDisplayed(Unknown Source)
at org.openqa.selenium.support.ui.ExpectedConditions.elementIfVisible(ExpectedConditions.java:314)
at org.openqa.selenium.support.ui.ExpectedConditions.access$000(ExpectedConditions.java:43)
at org.openqa.selenium.support.ui.ExpectedConditions$10.apply(ExpectedConditions.java:300)
at org.openqa.selenium.support.ui.ExpectedConditions$10.apply(ExpectedConditions.java:297)
at org.openqa.selenium.support.ui.ExpectedConditions$23.apply(ExpectedConditions.java:670)
at org.openqa.selenium.support.ui.ExpectedConditions$23.apply(ExpectedConditions.java:666)
at org.openqa.selenium.support.ui.FluentWait.until(FluentWait.java:249)
at com.RegistryModule2.pom.EAA_Page_POM.Verification_of_accessibility_of_Register_an_Entity_button_of_Entity_Account_Application_Page(EAA_Page_POM.java:396)
at com.RegistryModule2.pom.EAA_Page_POM.UI_Verification_of_Entity_Information_and_Identifiers_page_for_California_Jurisdiction_and_Covered_Entity(EAA_Page_POM.java:678)
at com.RegistryModule2.Test.EAA_Page_Tests.Verification_of_Change_entity_type_when_Individual_user_goes_back(EAA_Page_Tests.java:326)
at java.base/java.util.ArrayList.forEach(ArrayList.java:1511)
... Removed 32 stack frames]]>
    </failure>
  </testcase> <!-- Verification_of_Change_entity_type_when_Individual_user_goes_back -->
  <testcase classname="com.RegistryModule2.Test.EAA_Page_Tests" name="Verification_of_Change_entity_type_Funtionality_After_Entity_id" time="53.842">
    <skipped/>
  </testcase> <!-- Verification_of_Change_entity_type_Funtionality_After_Entity_id -->
  <testcase classname="com.RegistryModule2.Test.EAA_Page_Tests" name="Verification_of_Change_entity_type_Funtionality_After_Entity_id" time="54.83">
    <failure type="org.openqa.selenium.WebDriverException" message="
Build info: version: &amp;apos;3.141.59&amp;apos;, revision: &amp;apos;e82be7d358&amp;apos;, time: &amp;apos;2018-11-14T08:17:03&amp;apos;
System info: host: &amp;apos;Eqanims-MacBook-Air.local&amp;apos;, ip: &amp;apos;fe80:0:0:0:a1:81ea:4d84:7df4%en0&amp;apos;, os.name: &amp;apos;Mac OS X&amp;apos;, os.arch: &amp;apos;x86_64&amp;apos;, os.version: &amp;apos;14.1.1&amp;apos;, java.version: &amp;apos;17.0.7&amp;apos;
Driver info: org.openqa.selenium.safari.SafariDriver
Capabilities {acceptInsecureCerts: false, browserName: Safari, browserVersion: 17.1, javascriptEnabled: true, platform: MAC, platformName: MAC, safari:automaticInspection: false, safari:automaticProfiling: false, safari:diagnose: false, safari:platformBuildVersion: 23B81, safari:platformVersion: 14.1.1, safari:useSimulator: false, setWindowRect: true, strictFileInteractability: false, webkit:WebRTC: {DisableICECandidateFiltering: false, DisableInsecureMediaCapture: false}}
Session ID: D8590F11-011F-460C-9D2D-0B13D7131094">
      <![CDATA[org.openqa.selenium.WebDriverException: 
Build info: version: '3.141.59', revision: 'e82be7d358', time: '2018-11-14T08:17:03'
System info: host: 'Eqanims-MacBook-Air.local', ip: 'fe80:0:0:0:a1:81ea:4d84:7df4%en0', os.name: 'Mac OS X', os.arch: 'x86_64', os.version: '14.1.1', java.version: '17.0.7'
Driver info: org.openqa.selenium.safari.SafariDriver
Capabilities {acceptInsecureCerts: false, browserName: Safari, browserVersion: 17.1, javascriptEnabled: true, platform: MAC, platformName: MAC, safari:automaticInspection: false, safari:automaticProfiling: false, safari:diagnose: false, safari:platformBuildVersion: 23B81, safari:platformVersion: 14.1.1, safari:useSimulator: false, setWindowRect: true, strictFileInteractability: false, webkit:WebRTC: {DisableICECandidateFiltering: false, DisableInsecureMediaCapture: false}}
Session ID: D8590F11-011F-460C-9D2D-0B13D7131094
at org.openqa.selenium.remote.http.W3CHttpResponseCodec.createException(W3CHttpResponseCodec.java:187)
at org.openqa.selenium.remote.http.W3CHttpResponseCodec.decode(W3CHttpResponseCodec.java:122)
at org.openqa.selenium.remote.http.W3CHttpResponseCodec.decode(W3CHttpResponseCodec.java:49)
at org.openqa.selenium.remote.HttpCommandExecutor.execute(HttpCommandExecutor.java:158)
at org.openqa.selenium.remote.service.DriverCommandExecutor.execute(DriverCommandExecutor.java:83)
at org.openqa.selenium.remote.RemoteWebDriver.execute(RemoteWebDriver.java:552)
at org.openqa.selenium.remote.RemoteWebElement.execute(RemoteWebElement.java:285)
at org.openqa.selenium.remote.RemoteWebElement.click(RemoteWebElement.java:84)
at org.openqa.selenium.support.pagefactory.internal.LocatingElementHandler.invoke(LocatingElementHandler.java:51)
at jdk.proxy2/jdk.proxy2.$Proxy15.click(Unknown Source)
at com.RegistryModule2.pom.EAA_Page_POM.addEntityInformation(EAA_Page_POM.java:1282)
at com.RegistryModule2.Test.EAA_Page_Tests.Verification_of_Change_entity_type_Funtionality_After_Entity_id(EAA_Page_Tests.java:337)
at java.base/java.util.ArrayList.forEach(ArrayList.java:1511)
... Removed 34 stack frames]]>
    </failure>
  </testcase> <!-- Verification_of_Change_entity_type_Funtionality_After_Entity_id -->
  <testcase classname="com.RegistryModule2.Test.EAA_Page_Tests" name="C37539_UI_Verification_of_Alternate_Contact_Person_section_for_Covered_entity_type" time="55.719">
    <skipped/>
  </testcase> <!-- C37539_UI_Verification_of_Alternate_Contact_Person_section_for_Covered_entity_type -->
  <testcase classname="com.RegistryModule2.Test.EAA_Page_Tests" name="C37539_UI_Verification_of_Alternate_Contact_Person_section_for_Covered_entity_type" time="54.132">
    <failure type="org.openqa.selenium.WebDriverException" message="
Build info: version: &amp;apos;3.141.59&amp;apos;, revision: &amp;apos;e82be7d358&amp;apos;, time: &amp;apos;2018-11-14T08:17:03&amp;apos;
System info: host: &amp;apos;Eqanims-MacBook-Air.local&amp;apos;, ip: &amp;apos;fe80:0:0:0:a1:81ea:4d84:7df4%en0&amp;apos;, os.name: &amp;apos;Mac OS X&amp;apos;, os.arch: &amp;apos;x86_64&amp;apos;, os.version: &amp;apos;14.1.1&amp;apos;, java.version: &amp;apos;17.0.7&amp;apos;
Driver info: org.openqa.selenium.safari.SafariDriver
Capabilities {acceptInsecureCerts: false, browserName: Safari, browserVersion: 17.1, javascriptEnabled: true, platform: MAC, platformName: MAC, safari:automaticInspection: false, safari:automaticProfiling: false, safari:diagnose: false, safari:platformBuildVersion: 23B81, safari:platformVersion: 14.1.1, safari:useSimulator: false, setWindowRect: true, strictFileInteractability: false, webkit:WebRTC: {DisableICECandidateFiltering: false, DisableInsecureMediaCapture: false}}
Session ID: A839C147-AA3B-4F82-B798-9597689C9C81">
      <![CDATA[org.openqa.selenium.WebDriverException: 
Build info: version: '3.141.59', revision: 'e82be7d358', time: '2018-11-14T08:17:03'
System info: host: 'Eqanims-MacBook-Air.local', ip: 'fe80:0:0:0:a1:81ea:4d84:7df4%en0', os.name: 'Mac OS X', os.arch: 'x86_64', os.version: '14.1.1', java.version: '17.0.7'
Driver info: org.openqa.selenium.safari.SafariDriver
Capabilities {acceptInsecureCerts: false, browserName: Safari, browserVersion: 17.1, javascriptEnabled: true, platform: MAC, platformName: MAC, safari:automaticInspection: false, safari:automaticProfiling: false, safari:diagnose: false, safari:platformBuildVersion: 23B81, safari:platformVersion: 14.1.1, safari:useSimulator: false, setWindowRect: true, strictFileInteractability: false, webkit:WebRTC: {DisableICECandidateFiltering: false, DisableInsecureMediaCapture: false}}
Session ID: A839C147-AA3B-4F82-B798-9597689C9C81
at org.openqa.selenium.remote.http.W3CHttpResponseCodec.createException(W3CHttpResponseCodec.java:187)
at org.openqa.selenium.remote.http.W3CHttpResponseCodec.decode(W3CHttpResponseCodec.java:122)
at org.openqa.selenium.remote.http.W3CHttpResponseCodec.decode(W3CHttpResponseCodec.java:49)
at org.openqa.selenium.remote.HttpCommandExecutor.execute(HttpCommandExecutor.java:158)
at org.openqa.selenium.remote.service.DriverCommandExecutor.execute(DriverCommandExecutor.java:83)
at org.openqa.selenium.remote.RemoteWebDriver.execute(RemoteWebDriver.java:552)
at org.openqa.selenium.remote.RemoteWebElement.execute(RemoteWebElement.java:285)
at org.openqa.selenium.remote.RemoteWebElement.click(RemoteWebElement.java:84)
at org.openqa.selenium.support.pagefactory.internal.LocatingElementHandler.invoke(LocatingElementHandler.java:51)
at jdk.proxy2/jdk.proxy2.$Proxy15.click(Unknown Source)
at com.RegistryModule2.pom.EAA_Page_POM.addEntityInformation(EAA_Page_POM.java:1282)
at com.RegistryModule2.Test.EAA_Page_Tests.C37539_UI_Verification_of_Alternate_Contact_Person_section_for_Covered_entity_type(EAA_Page_Tests.java:348)
at java.base/java.util.ArrayList.forEach(ArrayList.java:1511)
... Removed 34 stack frames]]>
    </failure>
  </testcase> <!-- C37539_UI_Verification_of_Alternate_Contact_Person_section_for_Covered_entity_type -->
  <testcase classname="com.RegistryModule2.Test.EAA_Page_Tests" name="Verification_of_First_Name_Last_Name_and_Position_text_or_EmailAdress_fields_Covered_entity_type" time="52.669">
    <skipped/>
  </testcase> <!-- Verification_of_First_Name_Last_Name_and_Position_text_or_EmailAdress_fields_Covered_entity_type -->
  <testcase classname="com.RegistryModule2.Test.EAA_Page_Tests" name="Verification_of_First_Name_Last_Name_and_Position_text_or_EmailAdress_fields_Covered_entity_type" time="53.185">
    <failure type="org.openqa.selenium.WebDriverException" message="
Build info: version: &amp;apos;3.141.59&amp;apos;, revision: &amp;apos;e82be7d358&amp;apos;, time: &amp;apos;2018-11-14T08:17:03&amp;apos;
System info: host: &amp;apos;Eqanims-MacBook-Air.local&amp;apos;, ip: &amp;apos;fe80:0:0:0:a1:81ea:4d84:7df4%en0&amp;apos;, os.name: &amp;apos;Mac OS X&amp;apos;, os.arch: &amp;apos;x86_64&amp;apos;, os.version: &amp;apos;14.1.1&amp;apos;, java.version: &amp;apos;17.0.7&amp;apos;
Driver info: org.openqa.selenium.safari.SafariDriver
Capabilities {acceptInsecureCerts: false, browserName: Safari, browserVersion: 17.1, javascriptEnabled: true, platform: MAC, platformName: MAC, safari:automaticInspection: false, safari:automaticProfiling: false, safari:diagnose: false, safari:platformBuildVersion: 23B81, safari:platformVersion: 14.1.1, safari:useSimulator: false, setWindowRect: true, strictFileInteractability: false, webkit:WebRTC: {DisableICECandidateFiltering: false, DisableInsecureMediaCapture: false}}
Session ID: C6F74C1C-97C7-4184-8AFD-4A0B4293360B">
      <![CDATA[org.openqa.selenium.WebDriverException: 
Build info: version: '3.141.59', revision: 'e82be7d358', time: '2018-11-14T08:17:03'
System info: host: 'Eqanims-MacBook-Air.local', ip: 'fe80:0:0:0:a1:81ea:4d84:7df4%en0', os.name: 'Mac OS X', os.arch: 'x86_64', os.version: '14.1.1', java.version: '17.0.7'
Driver info: org.openqa.selenium.safari.SafariDriver
Capabilities {acceptInsecureCerts: false, browserName: Safari, browserVersion: 17.1, javascriptEnabled: true, platform: MAC, platformName: MAC, safari:automaticInspection: false, safari:automaticProfiling: false, safari:diagnose: false, safari:platformBuildVersion: 23B81, safari:platformVersion: 14.1.1, safari:useSimulator: false, setWindowRect: true, strictFileInteractability: false, webkit:WebRTC: {DisableICECandidateFiltering: false, DisableInsecureMediaCapture: false}}
Session ID: C6F74C1C-97C7-4184-8AFD-4A0B4293360B
at org.openqa.selenium.remote.http.W3CHttpResponseCodec.createException(W3CHttpResponseCodec.java:187)
at org.openqa.selenium.remote.http.W3CHttpResponseCodec.decode(W3CHttpResponseCodec.java:122)
at org.openqa.selenium.remote.http.W3CHttpResponseCodec.decode(W3CHttpResponseCodec.java:49)
at org.openqa.selenium.remote.HttpCommandExecutor.execute(HttpCommandExecutor.java:158)
at org.openqa.selenium.remote.service.DriverCommandExecutor.execute(DriverCommandExecutor.java:83)
at org.openqa.selenium.remote.RemoteWebDriver.execute(RemoteWebDriver.java:552)
at org.openqa.selenium.remote.RemoteWebElement.execute(RemoteWebElement.java:285)
at org.openqa.selenium.remote.RemoteWebElement.click(RemoteWebElement.java:84)
at org.openqa.selenium.support.pagefactory.internal.LocatingElementHandler.invoke(LocatingElementHandler.java:51)
at jdk.proxy2/jdk.proxy2.$Proxy15.click(Unknown Source)
at com.RegistryModule2.pom.EAA_Page_POM.addEntityInformation(EAA_Page_POM.java:1282)
at com.RegistryModule2.Test.EAA_Page_Tests.Verification_of_First_Name_Last_Name_and_Position_text_or_EmailAdress_fields_Covered_entity_type(EAA_Page_Tests.java:361)
at java.base/java.util.ArrayList.forEach(ArrayList.java:1511)
... Removed 34 stack frames]]>
    </failure>
  </testcase> <!-- Verification_of_First_Name_Last_Name_and_Position_text_or_EmailAdress_fields_Covered_entity_type -->
  <testcase classname="com.RegistryModule2.Test.EAA_Page_Tests" name="Verification_of_Telephone_Num_Or_Mobile_Num_Last_Name_and_Position_text_fields_Covered_entity_type" time="54.083">
    <skipped/>
  </testcase> <!-- Verification_of_Telephone_Num_Or_Mobile_Num_Last_Name_and_Position_text_fields_Covered_entity_type -->
  <testcase classname="com.RegistryModule2.Test.EAA_Page_Tests" name="Verification_of_Telephone_Num_Or_Mobile_Num_Last_Name_and_Position_text_fields_Covered_entity_type" time="53.873">
    <failure type="org.openqa.selenium.WebDriverException" message="
Build info: version: &amp;apos;3.141.59&amp;apos;, revision: &amp;apos;e82be7d358&amp;apos;, time: &amp;apos;2018-11-14T08:17:03&amp;apos;
System info: host: &amp;apos;Eqanims-MacBook-Air.local&amp;apos;, ip: &amp;apos;fe80:0:0:0:a1:81ea:4d84:7df4%en0&amp;apos;, os.name: &amp;apos;Mac OS X&amp;apos;, os.arch: &amp;apos;x86_64&amp;apos;, os.version: &amp;apos;14.1.1&amp;apos;, java.version: &amp;apos;17.0.7&amp;apos;
Driver info: org.openqa.selenium.safari.SafariDriver
Capabilities {acceptInsecureCerts: false, browserName: Safari, browserVersion: 17.1, javascriptEnabled: true, platform: MAC, platformName: MAC, safari:automaticInspection: false, safari:automaticProfiling: false, safari:diagnose: false, safari:platformBuildVersion: 23B81, safari:platformVersion: 14.1.1, safari:useSimulator: false, setWindowRect: true, strictFileInteractability: false, webkit:WebRTC: {DisableICECandidateFiltering: false, DisableInsecureMediaCapture: false}}
Session ID: E2AF0452-ADA3-46BD-A2C3-8036770BD144">
      <![CDATA[org.openqa.selenium.WebDriverException: 
Build info: version: '3.141.59', revision: 'e82be7d358', time: '2018-11-14T08:17:03'
System info: host: 'Eqanims-MacBook-Air.local', ip: 'fe80:0:0:0:a1:81ea:4d84:7df4%en0', os.name: 'Mac OS X', os.arch: 'x86_64', os.version: '14.1.1', java.version: '17.0.7'
Driver info: org.openqa.selenium.safari.SafariDriver
Capabilities {acceptInsecureCerts: false, browserName: Safari, browserVersion: 17.1, javascriptEnabled: true, platform: MAC, platformName: MAC, safari:automaticInspection: false, safari:automaticProfiling: false, safari:diagnose: false, safari:platformBuildVersion: 23B81, safari:platformVersion: 14.1.1, safari:useSimulator: false, setWindowRect: true, strictFileInteractability: false, webkit:WebRTC: {DisableICECandidateFiltering: false, DisableInsecureMediaCapture: false}}
Session ID: E2AF0452-ADA3-46BD-A2C3-8036770BD144
at org.openqa.selenium.remote.http.W3CHttpResponseCodec.createException(W3CHttpResponseCodec.java:187)
at org.openqa.selenium.remote.http.W3CHttpResponseCodec.decode(W3CHttpResponseCodec.java:122)
at org.openqa.selenium.remote.http.W3CHttpResponseCodec.decode(W3CHttpResponseCodec.java:49)
at org.openqa.selenium.remote.HttpCommandExecutor.execute(HttpCommandExecutor.java:158)
at org.openqa.selenium.remote.service.DriverCommandExecutor.execute(DriverCommandExecutor.java:83)
at org.openqa.selenium.remote.RemoteWebDriver.execute(RemoteWebDriver.java:552)
at org.openqa.selenium.remote.RemoteWebElement.execute(RemoteWebElement.java:285)
at org.openqa.selenium.remote.RemoteWebElement.click(RemoteWebElement.java:84)
at org.openqa.selenium.support.pagefactory.internal.LocatingElementHandler.invoke(LocatingElementHandler.java:51)
at jdk.proxy2/jdk.proxy2.$Proxy15.click(Unknown Source)
at com.RegistryModule2.pom.EAA_Page_POM.addEntityInformation(EAA_Page_POM.java:1282)
at com.RegistryModule2.Test.EAA_Page_Tests.Verification_of_Telephone_Num_Or_Mobile_Num_Last_Name_and_Position_text_fields_Covered_entity_type(EAA_Page_Tests.java:377)
at java.base/java.util.ArrayList.forEach(ArrayList.java:1511)
... Removed 34 stack frames]]>
    </failure>
  </testcase> <!-- Verification_of_Telephone_Num_Or_Mobile_Num_Last_Name_and_Position_text_fields_Covered_entity_type -->
  <testcase classname="com.RegistryModule2.Test.EAA_Page_Tests" name="Verification_of_Alternate_Contact_Person_section_for_Quebec_Jurisdiction" time="64.558">
    <skipped/>
  </testcase> <!-- Verification_of_Alternate_Contact_Person_section_for_Quebec_Jurisdiction -->
  <testcase classname="com.RegistryModule2.Test.EAA_Page_Tests" name="Verification_of_Alternate_Contact_Person_section_for_Quebec_Jurisdiction" time="997.491">
    <failure type="java.lang.AssertionError" message="null">
      <![CDATA[java.lang.AssertionError: null
at com.RegistryModule2.Utility.commonLib.scroll(commonLib.java:88)
at com.RegistryModule2.pom.EAA_Page_POM.addEntityInformationForQueForCoveredEntity(EAA_Page_POM.java:1565)
at com.RegistryModule2.Test.EAA_Page_Tests.Verification_of_Alternate_Contact_Person_section_for_Quebec_Jurisdiction(EAA_Page_Tests.java:391)
at java.base/java.util.ArrayList.forEach(ArrayList.java:1511)
... Removed 29 stack frames]]>
    </failure>
  </testcase> <!-- Verification_of_Alternate_Contact_Person_section_for_Quebec_Jurisdiction -->
  <testcase classname="com.RegistryModule2.Test.EAA_Page_Tests" name="Verification_of_Mandatory_Feilds_On_Alternate_Contact_Person_section_for_Quebec_Jurisdiction" time="30.752">
    <skipped/>
  </testcase> <!-- Verification_of_Mandatory_Feilds_On_Alternate_Contact_Person_section_for_Quebec_Jurisdiction -->
  <testcase classname="com.RegistryModule2.Test.EAA_Page_Tests" name="Verification_of_Mandatory_Feilds_On_Alternate_Contact_Person_section_for_Quebec_Jurisdiction" time="443.23">
    <failure type="org.openqa.selenium.WebDriverException" message="
Build info: version: &amp;apos;3.141.59&amp;apos;, revision: &amp;apos;e82be7d358&amp;apos;, time: &amp;apos;2018-11-14T08:17:03&amp;apos;
System info: host: &amp;apos;Eqanims-MacBook-Air.local&amp;apos;, ip: &amp;apos;fe80:0:0:0:a1:81ea:4d84:7df4%en0&amp;apos;, os.name: &amp;apos;Mac OS X&amp;apos;, os.arch: &amp;apos;x86_64&amp;apos;, os.version: &amp;apos;14.1.1&amp;apos;, java.version: &amp;apos;17.0.7&amp;apos;
Driver info: org.openqa.selenium.safari.SafariDriver
Capabilities {acceptInsecureCerts: false, browserName: Safari, browserVersion: 17.1, javascriptEnabled: true, platform: MAC, platformName: MAC, safari:automaticInspection: false, safari:automaticProfiling: false, safari:diagnose: false, safari:platformBuildVersion: 23B81, safari:platformVersion: 14.1.1, safari:useSimulator: false, setWindowRect: true, strictFileInteractability: false, webkit:WebRTC: {DisableICECandidateFiltering: false, DisableInsecureMediaCapture: false}}
Session ID: 1CCBC600-658E-45FA-983A-87E44D0307F9">
      <![CDATA[org.openqa.selenium.WebDriverException: 
Build info: version: '3.141.59', revision: 'e82be7d358', time: '2018-11-14T08:17:03'
System info: host: 'Eqanims-MacBook-Air.local', ip: 'fe80:0:0:0:a1:81ea:4d84:7df4%en0', os.name: 'Mac OS X', os.arch: 'x86_64', os.version: '14.1.1', java.version: '17.0.7'
Driver info: org.openqa.selenium.safari.SafariDriver
Capabilities {acceptInsecureCerts: false, browserName: Safari, browserVersion: 17.1, javascriptEnabled: true, platform: MAC, platformName: MAC, safari:automaticInspection: false, safari:automaticProfiling: false, safari:diagnose: false, safari:platformBuildVersion: 23B81, safari:platformVersion: 14.1.1, safari:useSimulator: false, setWindowRect: true, strictFileInteractability: false, webkit:WebRTC: {DisableICECandidateFiltering: false, DisableInsecureMediaCapture: false}}
Session ID: 1CCBC600-658E-45FA-983A-87E44D0307F9
at org.openqa.selenium.remote.http.W3CHttpResponseCodec.createException(W3CHttpResponseCodec.java:187)
at org.openqa.selenium.remote.http.W3CHttpResponseCodec.decode(W3CHttpResponseCodec.java:122)
at org.openqa.selenium.remote.http.W3CHttpResponseCodec.decode(W3CHttpResponseCodec.java:49)
at org.openqa.selenium.remote.HttpCommandExecutor.execute(HttpCommandExecutor.java:158)
at org.openqa.selenium.remote.service.DriverCommandExecutor.execute(DriverCommandExecutor.java:83)
at org.openqa.selenium.remote.RemoteWebDriver.execute(RemoteWebDriver.java:552)
at org.openqa.selenium.remote.RemoteWebElement.execute(RemoteWebElement.java:285)
at org.openqa.selenium.remote.RemoteWebElement.click(RemoteWebElement.java:84)
at org.openqa.selenium.support.pagefactory.internal.LocatingElementHandler.invoke(LocatingElementHandler.java:51)
at jdk.proxy2/jdk.proxy2.$Proxy15.click(Unknown Source)
at com.RegistryModule2.pom.EAA_Page_POM.addEntityInformation(EAA_Page_POM.java:1282)
at com.RegistryModule2.Test.EAA_Page_Tests.Verification_of_Mandatory_Feilds_On_Alternate_Contact_Person_section_for_Quebec_Jurisdiction(EAA_Page_Tests.java:405)
at java.base/java.util.ArrayList.forEach(ArrayList.java:1511)
... Removed 34 stack frames]]>
    </failure>
  </testcase> <!-- Verification_of_Mandatory_Feilds_On_Alternate_Contact_Person_section_for_Quebec_Jurisdiction -->
  <testcase classname="com.RegistryModule2.Test.EAA_Page_Tests" name="Entity_Account_Application_Update_Entity_Status" time="40.619">
    <skipped/>
  </testcase> <!-- Entity_Account_Application_Update_Entity_Status -->
  <testcase classname="com.RegistryModule2.Test.EAA_Page_Tests" name="Entity_Account_Application_Update_Entity_Status" time="40.889">
[...]
at com.RegistryModule2.Test.RPM2_Test_Seema.C36282_Validation_of_ID_number_AssignedBy_Incorporating_Agency_Covered(RPM2_Test_Seema.java:226)
at java.base/java.util.ArrayList.forEach(ArrayList.java:1511)
... Removed 34 stack frames]]>
    </failure>
  </testcase> <!-- C36282_Validation_of_ID_number_AssignedBy_Incorporating_Agency_Covered -->
  <testcase classname="com.RegistryModule2.Test.RPM2_Test_Seema" name="C36244_Validation_of_ID_number_AssignedBy_Incorporating_Agency_GMPO" time="745.485">
    <failure type="org.openqa.selenium.TimeoutException" message="
Build info: version: &amp;apos;3.141.59&amp;apos;, revision: &amp;apos;e82be7d358&amp;apos;, time: &amp;apos;2018-11-14T08:17:03&amp;apos;
System info: host: &amp;apos;Eqanims-MacBook-Air.local&amp;apos;, ip: &amp;apos;fe80:0:0:0:a1:81ea:4d84:7df4%en0&amp;apos;, os.name: &amp;apos;Mac OS X&amp;apos;, os.arch: &amp;apos;x86_64&amp;apos;, os.version: &amp;apos;14.1.1&amp;apos;, java.version: &amp;apos;17.0.7&amp;apos;
Driver info: org.openqa.selenium.safari.SafariDriver
Capabilities {acceptInsecureCerts: false, browserName: Safari, browserVersion: 17.1, javascriptEnabled: true, platform: MAC, platformName: MAC, safari:automaticInspection: false, safari:automaticProfiling: false, safari:diagnose: false, safari:platformBuildVersion: 23B81, safari:platformVersion: 14.1.1, safari:useSimulator: false, setWindowRect: true, strictFileInteractability: false, webkit:WebRTC: {DisableICECandidateFiltering: false, DisableInsecureMediaCapture: false}}
Session ID: F4EA1C2A-0473-4F24-89AD-87633CD5BE5D
*** Element info: {Using=xpath, value=//button[text()=&amp;apos;Register An Entity&amp;apos;]}">
      <![CDATA[org.openqa.selenium.TimeoutException: 
Build info: version: '3.141.59', revision: 'e82be7d358', time: '2018-11-14T08:17:03'
System info: host: 'Eqanims-MacBook-Air.local', ip: 'fe80:0:0:0:a1:81ea:4d84:7df4%en0', os.name: 'Mac OS X', os.arch: 'x86_64', os.version: '14.1.1', java.version: '17.0.7'
Driver info: org.openqa.selenium.safari.SafariDriver
Capabilities {acceptInsecureCerts: false, browserName: Safari, browserVersion: 17.1, javascriptEnabled: true, platform: MAC, platformName: MAC, safari:automaticInspection: false, safari:automaticProfiling: false, safari:diagnose: false, safari:platformBuildVersion: 23B81, safari:platformVersion: 14.1.1, safari:useSimulator: false, setWindowRect: true, strictFileInteractability: false, webkit:WebRTC: {DisableICECandidateFiltering: false, DisableInsecureMediaCapture: false}}
Session ID: F4EA1C2A-0473-4F24-89AD-87633CD5BE5D
*** Element info: {Using=xpath, value=//button[text()='Register An Entity']}
at org.openqa.selenium.remote.http.W3CHttpResponseCodec.createException(W3CHttpResponseCodec.java:187)
at org.openqa.selenium.remote.http.W3CHttpResponseCodec.decode(W3CHttpResponseCodec.java:122)
at org.openqa.selenium.remote.http.W3CHttpResponseCodec.decode(W3CHttpResponseCodec.java:49)
at org.openqa.selenium.remote.HttpCommandExecutor.execute(HttpCommandExecutor.java:158)
at org.openqa.selenium.remote.service.DriverCommandExecutor.execute(DriverCommandExecutor.java:83)
at org.openqa.selenium.remote.RemoteWebDriver.execute(RemoteWebDriver.java:552)
at org.openqa.selenium.remote.RemoteWebDriver.findElement(RemoteWebDriver.java:323)
at org.openqa.selenium.remote.RemoteWebDriver.findElementByXPath(RemoteWebDriver.java:428)
at org.openqa.selenium.By$ByXPath.findElement(By.java:353)
at org.openqa.selenium.remote.RemoteWebDriver.findElement(RemoteWebDriver.java:315)
at org.openqa.selenium.support.pagefactory.DefaultElementLocator.findElement(DefaultElementLocator.java:69)
at org.openqa.selenium.support.pagefactory.internal.LocatingElementHandler.invoke(LocatingElementHandler.java:38)
at jdk.proxy2/jdk.proxy2.$Proxy15.isDisplayed(Unknown Source)
at com.RegistryModule2.Utility.commonLib.isDisplayed(commonLib.java:124)
at com.RegistryModule2.pom.EAA_Page_POM.Verification_of_accessibility_of_Register_an_Entity_button_of_Entity_Account_Application_Page(EAA_Page_POM.java:403)
at com.RegistryModule2.pom.EAA_Page_POM.UI_Verification_of_Entity_Information_and_Identifiers_page_for_California_Jurisdiction_and_Covered_Entity(EAA_Page_POM.java:678)
at com.RegistryModule2.Test.RPM2_Test_Seema.C36244_Validation_of_ID_number_AssignedBy_Incorporating_Agency_GMPO(RPM2_Test_Seema.java:233)
at java.base/java.util.ArrayList.forEach(ArrayList.java:1511)
... Removed 31 stack frames]]>
    </failure>
  </testcase> <!-- C36244_Validation_of_ID_number_AssignedBy_Incorporating_Agency_GMPO -->
  <testcase classname="com.RegistryModule2.Test.RPM2_Test_Seema" name="C36283_Validation_of_Government_Issued_Taxpayer_or_Employer_ID_Covered" time="12505.85">
    <failure type="org.openqa.selenium.TimeoutException" message="Expected condition failed: waiting for visibility of all elements located by By.xpath: //*[@class=&amp;apos;MuiTypography-root MuiTypography-h6 css-1etlmxt&amp;apos;] (tried for 30 second(s) with 500 milliseconds interval)
Build info: version: &amp;apos;3.141.59&amp;apos;, revision: &amp;apos;e82be7d358&amp;apos;, time: &amp;apos;2018-11-14T08:17:03&amp;apos;
System info: host: &amp;apos;Eqanims-MacBook-Air.local&amp;apos;, ip: &amp;apos;fe80:0:0:0:a1:81ea:4d84:7df4%en0&amp;apos;, os.name: &amp;apos;Mac OS X&amp;apos;, os.arch: &amp;apos;x86_64&amp;apos;, os.version: &amp;apos;14.1.1&amp;apos;, java.version: &amp;apos;17.0.7&amp;apos;
Driver info: org.openqa.selenium.safari.SafariDriver
Capabilities {acceptInsecureCerts: false, browserName: Safari, browserVersion: 17.1, javascriptEnabled: true, platform: MAC, platformName: MAC, safari:automaticInspection: false, safari:automaticProfiling: false, safari:diagnose: false, safari:platformBuildVersion: 23B81, safari:platformVersion: 14.1.1, safari:useSimulator: false, setWindowRect: true, strictFileInteractability: false, webkit:WebRTC: {DisableICECandidateFiltering: false, DisableInsecureMediaCapture: false}}
Session ID: B9AD2C3E-380E-4BD9-A87E-C30BF0DC0A5F">
      <![CDATA[org.openqa.selenium.TimeoutException: Expected condition failed: waiting for visibility of all elements located by By.xpath: //*[@class='MuiTypography-root MuiTypography-h6 css-1etlmxt'] (tried for 30 second(s) with 500 milliseconds interval)
Build info: version: '3.141.59', revision: 'e82be7d358', time: '2018-11-14T08:17:03'
System info: host: 'Eqanims-MacBook-Air.local', ip: 'fe80:0:0:0:a1:81ea:4d84:7df4%en0', os.name: 'Mac OS X', os.arch: 'x86_64', os.version: '14.1.1', java.version: '17.0.7'
Driver info: org.openqa.selenium.safari.SafariDriver
Capabilities {acceptInsecureCerts: false, browserName: Safari, browserVersion: 17.1, javascriptEnabled: true, platform: MAC, platformName: MAC, safari:automaticInspection: false, safari:automaticProfiling: false, safari:diagnose: false, safari:platformBuildVersion: 23B81, safari:platformVersion: 14.1.1, safari:useSimulator: false, setWindowRect: true, strictFileInteractability: false, webkit:WebRTC: {DisableICECandidateFiltering: false, DisableInsecureMediaCapture: false}}
Session ID: B9AD2C3E-380E-4BD9-A87E-C30BF0DC0A5F
at org.openqa.selenium.support.ui.WebDriverWait.timeoutException(WebDriverWait.java:95)
at org.openqa.selenium.support.ui.FluentWait.until(FluentWait.java:272)
at com.RegistryModule2.Utility.CommonMethods.handlesecurityQuestion(CommonMethods.java:24)
at com.RegistryModule2.pom.EAA_Page_POM.UI_Verification_of_Entity_Information_and_Identifiers_page_for_California_Jurisdiction_and_Covered_Entity(EAA_Page_POM.java:674)
at com.RegistryModule2.Test.RPM2_Test_Seema.C36283_Validation_of_Government_Issued_Taxpayer_or_Employer_ID_Covered(RPM2_Test_Seema.java:242)
at java.base/java.util.ArrayList.forEach(ArrayList.java:1511)
... Removed 27 stack frames]]>
    </failure>
  </testcase> <!-- C36283_Validation_of_Government_Issued_Taxpayer_or_Employer_ID_Covered -->
  <testcase classname="com.RegistryModule2.Test.RPM2_Test_Seema" name="C36245_Validation_of_Government_Issued_Taxpayer_or_Employer_ID_GMPO" time="60.249">
    <failure type="org.openqa.selenium.ElementNotInteractableException" message="
Build info: version: &amp;apos;3.141.59&amp;apos;, revision: &amp;apos;e82be7d358&amp;apos;, time: &amp;apos;2018-11-14T08:17:03&amp;apos;
System info: host: &amp;apos;Eqanims-MacBook-Air.local&amp;apos;, ip: &amp;apos;fe80:0:0:0:a1:81ea:4d84:7df4%en0&amp;apos;, os.name: &amp;apos;Mac OS X&amp;apos;, os.arch: &amp;apos;x86_64&amp;apos;, os.version: &amp;apos;14.1.1&amp;apos;, java.version: &amp;apos;17.0.7&amp;apos;
Driver info: org.openqa.selenium.safari.SafariDriver
Capabilities {acceptInsecureCerts: false, browserName: Safari, browserVersion: 17.1, javascriptEnabled: true, platform: MAC, platformName: MAC, safari:automaticInspection: false, safari:automaticProfiling: false, safari:diagnose: false, safari:platformBuildVersion: 23B81, safari:platformVersion: 14.1.1, safari:useSimulator: false, setWindowRect: true, strictFileInteractability: false, webkit:WebRTC: {DisableICECandidateFiltering: false, DisableInsecureMediaCapture: false}}
Session ID: 425FAC80-CA94-4A41-BE17-853C873EBDBD">
      <![CDATA[org.openqa.selenium.ElementNotInteractableException: 
Build info: version: '3.141.59', revision: 'e82be7d358', time: '2018-11-14T08:17:03'
System info: host: 'Eqanims-MacBook-Air.local', ip: 'fe80:0:0:0:a1:81ea:4d84:7df4%en0', os.name: 'Mac OS X', os.arch: 'x86_64', os.version: '14.1.1', java.version: '17.0.7'
Driver info: org.openqa.selenium.safari.SafariDriver
Capabilities {acceptInsecureCerts: false, browserName: Safari, browserVersion: 17.1, javascriptEnabled: true, platform: MAC, platformName: MAC, safari:automaticInspection: false, safari:automaticProfiling: false, safari:diagnose: false, safari:platformBuildVersion: 23B81, safari:platformVersion: 14.1.1, safari:useSimulator: false, setWindowRect: true, strictFileInteractability: false, webkit:WebRTC: {DisableICECandidateFiltering: false, DisableInsecureMediaCapture: false}}
Session ID: 425FAC80-CA94-4A41-BE17-853C873EBDBD
at org.openqa.selenium.remote.http.W3CHttpResponseCodec.createException(W3CHttpResponseCodec.java:187)
at org.openqa.selenium.remote.http.W3CHttpResponseCodec.decode(W3CHttpResponseCodec.java:122)
at org.openqa.selenium.remote.http.W3CHttpResponseCodec.decode(W3CHttpResponseCodec.java:49)
at org.openqa.selenium.remote.HttpCommandExecutor.execute(HttpCommandExecutor.java:158)
at org.openqa.selenium.remote.service.DriverCommandExecutor.execute(DriverCommandExecutor.java:83)
at org.openqa.selenium.remote.RemoteWebDriver.execute(RemoteWebDriver.java:552)
at org.openqa.selenium.remote.RemoteWebElement.execute(RemoteWebElement.java:285)
at org.openqa.selenium.remote.RemoteWebElement.click(RemoteWebElement.java:84)
at org.openqa.selenium.support.pagefactory.internal.LocatingElementHandler.invoke(LocatingElementHandler.java:51)
at jdk.proxy2/jdk.proxy2.$Proxy15.click(Unknown Source)
at com.RegistryModule2.pom.RPM2_POM_Seema.Validation_of_Government_Issued_Taxpayer_or_Employer_ID(RPM2_POM_Seema.java:599)
at com.RegistryModule2.Test.RPM2_Test_Seema.C36245_Validation_of_Government_Issued_Taxpayer_or_Employer_ID_GMPO(RPM2_Test_Seema.java:253)
at java.base/java.util.ArrayList.forEach(ArrayList.java:1511)
... Removed 34 stack frames]]>
    </failure>
  </testcase> <!-- C36245_Validation_of_Government_Issued_Taxpayer_or_Employer_ID_GMPO -->
  <testcase classname="com.RegistryModule2.Test.JurisdictionUserTests" name="requestRevisionPendingEAAForIndividualUser" time="2.766">
    <skipped/>
  </testcase> <!-- requestRevisionPendingEAAForIndividualUser -->
  <testcase classname="com.RegistryModule2.Test.JurisdictionUserTests" name="requestRevisionPendingEAAForIndividualUser" time="2.788">
    <failure type="java.lang.AssertionError" message="null">
      <![CDATA[java.lang.AssertionError: null
at com.RegistryModule2.Utility.commonLib.typeText(commonLib.java:100)
at com.RegistryModule2.pom.LoginPom.JurisdictionUserloginWithValidCredentials(LoginPom.java:174)
at com.RegistryModule2.Test.JurisdictionUserTests.requestRevisionPendingEAAForIndividualUser(JurisdictionUserTests.java:15)
at java.base/java.util.ArrayList.forEach(ArrayList.java:1511)
... Removed 29 stack frames]]>
    </failure>
  </testcase> <!-- requestRevisionPendingEAAForIndividualUser -->
  <testcase classname="com.RegistryModule2.Test.JurisdictionUserTests" name="denyPendingIndividualUser" time="2.807">
    <skipped/>
  </testcase> <!-- denyPendingIndividualUser -->
  <testcase classname="com.RegistryModule2.Test.JurisdictionUserTests" name="denyPendingIndividualUser" time="92.415">
    <failure type="org.openqa.selenium.TimeoutException" message="Expected condition failed: waiting for element to be clickable: Proxy element for: DefaultElementLocator &amp;apos;By.xpath: //span[text()=&amp;apos;California&amp;apos;]&amp;apos; (tried for 30 second(s) with 500 milliseconds interval)">
      <![CDATA[org.openqa.selenium.TimeoutException: Expected condition failed: waiting for element to be clickable: Proxy element for: DefaultElementLocator 'By.xpath: //span[text()='California']' (tried for 30 second(s) with 500 milliseconds interval)
at org.openqa.selenium.support.ui.WebDriverWait.timeoutException(WebDriverWait.java:95)
at org.openqa.selenium.support.ui.FluentWait.until(FluentWait.java:272)
at com.RegistryModule2.pom.LoginPom.selectJurisdictionandLangaugeForCalifornia(LoginPom.java:69)
at com.RegistryModule2.Test.JurisdictionUserTests.denyPendingIndividualUser(JurisdictionUserTests.java:26)
at java.base/java.util.ArrayList.forEach(ArrayList.java:1511)
Caused by: org.openqa.selenium.NoSuchElementException: 
For documentation on this error, please visit: https://www.seleniumhq.org/exceptions/no_such_element.html
Build info: version: '3.141.59', revision: 'e82be7d358', time: '2018-11-14T08:17:03'
System info: host: 'Eqanims-MacBook-Air.local', ip: 'fe80:0:0:0:a1:81ea:4d84:7df4%en0', os.name: 'Mac OS X', os.arch: 'x86_64', os.version: '14.1.1', java.version: '17.0.7'
Driver info: org.openqa.selenium.safari.SafariDriver
Capabilities {acceptInsecureCerts: false, browserName: Safari, browserVersion: 17.1, javascriptEnabled: true, platform: MAC, platformName: MAC, safari:automaticInspection: false, safari:automaticProfiling: false, safari:diagnose: false, safari:platformBuildVersion: 23B81, safari:platformVersion: 14.1.1, safari:useSimulator: false, setWindowRect: true, strictFileInteractability: false, webkit:WebRTC: {DisableICECandidateFiltering: false, DisableInsecureMediaCapture: false}}
Session ID: 2EEECB9C-2277-49EB-ABCD-9A52984A285F
*** Element info: {Using=xpath, value=//span[text()='California']}
at org.openqa.selenium.remote.http.W3CHttpResponseCodec.createException(W3CHttpResponseCodec.java:187)
at org.openqa.selenium.remote.http.W3CHttpResponseCodec.decode(W3CHttpResponseCodec.java:122)
at org.openqa.selenium.remote.http.W3CHttpResponseCodec.decode(W3CHttpResponseCodec.java:49)
at org.openqa.selenium.remote.HttpCommandExecutor.execute(HttpCommandExecutor.java:158)
at org.openqa.selenium.remote.service.DriverCommandExecutor.execute(DriverCommandExecutor.java:83)
at org.openqa.selenium.remote.RemoteWebDriver.execute(RemoteWebDriver.java:552)
at org.openqa.selenium.remote.RemoteWebDriver.findElement(RemoteWebDriver.java:323)
at org.openqa.selenium.remote.RemoteWebDriver.findElementByXPath(RemoteWebDriver.java:428)
at org.openqa.selenium.By$ByXPath.findElement(By.java:353)
at org.openqa.selenium.remote.RemoteWebDriver.findElement(RemoteWebDriver.java:315)
at org.openqa.selenium.support.pagefactory.DefaultElementLocator.findElement(DefaultElementLocator.java:69)
at org.openqa.selenium.support.pagefactory.internal.LocatingElementHandler.invoke(LocatingElementHandler.java:38)
at jdk.proxy2/jdk.proxy2.$Proxy15.isDisplayed(Unknown Source)
at org.openqa.selenium.support.ui.ExpectedConditions.elementIfVisible(ExpectedConditions.java:314)
at org.openqa.selenium.support.ui.ExpectedConditions.access$000(ExpectedConditions.java:43)
at org.openqa.selenium.support.ui.ExpectedConditions$10.apply(ExpectedConditions.java:300)
at org.openqa.selenium.support.ui.ExpectedConditions$10.apply(ExpectedConditions.java:297)
at org.openqa.selenium.support.ui.ExpectedConditions$23.apply(ExpectedConditions.java:670)
at org.openqa.selenium.support.ui.ExpectedConditions$23.apply(ExpectedConditions.java:666)
at org.openqa.selenium.support.ui.FluentWait.until(FluentWait.java:249)
... 30 more
... Removed 31 stack frames]]>
    </failure>
  </testcase> <!-- denyPendingIndividualUser -->
  <testcase classname="com.RegistryModule2.Test.JurisdictionUserTests" name="cancelPendingEAAForIndividualUser" time="2.87">
    <skipped/>
  </testcase> <!-- cancelPendingEAAForIndividualUser -->
  <testcase classname="com.RegistryModule2.Test.JurisdictionUserTests" name="cancelPendingEAAForIndividualUser" time="2.845">
    <failure type="java.lang.AssertionError" message="null">
      <![CDATA[java.lang.AssertionError: null
at com.RegistryModule2.Utility.commonLib.typeText(commonLib.java:100)
at com.RegistryModule2.pom.LoginPom.JurisdictionUserloginWithValidCredentials(LoginPom.java:174)
at com.RegistryModule2.Test.JurisdictionUserTests.cancelPendingEAAForIndividualUser(JurisdictionUserTests.java:39)
at java.base/java.util.ArrayList.forEach(ArrayList.java:1511)
... Removed 29 stack frames]]>
    </failure>
  </testcase> <!-- cancelPendingEAAForIndividualUser -->
  <testcase classname="com.RegistryModule2.Test.JurisdictionUserTests" name="approvePendingEAAForIndividualUser" time="2.781">
    <skipped/>
  </testcase> <!-- approvePendingEAAForIndividualUser -->
  <testcase classname="com.RegistryModule2.Test.JurisdictionUserTests" name="approvePendingEAAForIndividualUser" time="2.789">
    <failure type="java.lang.AssertionError" message="null">
      <![CDATA[java.lang.AssertionError: null
at com.RegistryModule2.Utility.commonLib.typeText(commonLib.java:100)
at com.RegistryModule2.pom.LoginPom.JurisdictionUserloginWithValidCredentials(LoginPom.java:174)
at com.RegistryModule2.Test.JurisdictionUserTests.approvePendingEAAForIndividualUser(JurisdictionUserTests.java:51)
at java.base/java.util.ArrayList.forEach(ArrayList.java:1511)
... Removed 29 stack frames]]>
    </failure>
  </testcase> <!-- approvePendingEAAForIndividualUser -->
  <testcase classname="com.RegistryModule2.Test.JurisdictionUserTests" name="UI_verification_of_Success_message" time="2.781">
    <skipped/>
  </testcase> <!-- UI_verification_of_Success_message -->
  <testcase classname="com.RegistryModule2.Test.JurisdictionUserTests" name="UI_verification_of_Success_message" time="2.896">
    <failure type="java.lang.AssertionError" message="null">
      <![CDATA[java.lang.AssertionError: null
at com.RegistryModule2.Utility.commonLib.typeText(commonLib.java:100)
at com.RegistryModule2.pom.LoginPom.JurisdictionUserloginWithValidCredentials(LoginPom.java:174)
at com.RegistryModule2.Test.JurisdictionUserTests.UI_verification_of_Success_message(JurisdictionUserTests.java:63)
at java.base/java.util.ArrayList.forEach(ArrayList.java:1511)
... Removed 29 stack frames]]>
    </failure>
  </testcase> <!-- UI_verification_of_Success_message -->
  <testcase classname="com.RegistryModule2.Utility.TestBase" name="@AfterSuite mailReport" time="0.0">
    <ignored/>
  </testcase> <!-- @AfterSuite mailReport -->
  <testcase classname="com.RegistryModule2.Utility.TestBase" name="@AfterSuite mailReport" time="0.0">
    <ignored/>
  </testcase> <!-- @AfterSuite mailReport -->
  <testcase classname="com.RegistryModule2.Utility.TestBase" name="@AfterSuite mailReport" time="0.0">
    <ignored/>
  </testcase> <!-- @AfterSuite mailReport -->
  <testcase classname="com.RegistryModule2.Utility.TestBase" name="@AfterSuite mailReport" time="0.0">
    <ignored/>
  </testcase> <!-- @AfterSuite mailReport -->
  <testcase classname="com.RegistryModule2.Utility.TestBase" name="@AfterSuite mailReport" time="0.0">
    <ignored/>
  </testcase> <!-- @AfterSuite mailReport -->
</testsuite> <!-- Test -->
